#
# There is insufficient memory for the Java Runtime Environment to continue.
# Native memory allocation (malloc) failed to allocate 2204176 bytes for Chunk::new
# Possible reasons:
#   The system is out of physical RAM or swap space
#   The process is running with CompressedOops enabled, and the Java Heap may be blocking the growth of the native heap
# Possible solutions:
#   Reduce memory load on the system
#   Increase physical memory or swap space
#   Check if swap backing store is full
#   Decrease Java heap size (-Xmx/-Xms)
#   Decrease number of Java threads
#   Decrease Java thread stack sizes (-Xss)
#   Set larger code cache with -XX:ReservedCodeCacheSize=
#   JVM is running with Unscaled Compressed Oops mode in which the Java heap is
#     placed in the first 4GB address space. The Java Heap base address is the
#     maximum limit for the native heap growth. Please use -XX:HeapBaseMinAddress
#     to set the Java Heap base and to place the Java Heap above 4GB virtual address.
# This output file may be truncated or incomplete.
#
#  Out of Memory Error (t:/workspace/open/src/hotspot/share/memory/arena.cpp:197), pid=29328, tid=22052
#
# JRE version: OpenJDK Runtime Environment (11.0.2+9) (build 11.0.2+9)
# Java VM: OpenJDK 64-Bit Server VM (11.0.2+9, mixed mode, tiered, compressed oops, g1 gc, windows-amd64)
# No core dump will be written. Minidumps are not enabled by default on client versions of Windows
#

---------------  S U M M A R Y ------------

Command Line: -XX:MaxMetaspaceSize=512m --add-opens=java.base/java.util=ALL-UNNAMED --add-opens=java.base/java.lang=ALL-UNNAMED --add-opens=java.base/java.lang.invoke=ALL-UNNAMED --add-opens=java.prefs/java.util.prefs=ALL-UNNAMED --add-opens=java.base/java.nio.charset=ALL-UNNAMED --add-opens=java.base/java.net=ALL-UNNAMED --add-opens=java.base/java.util.concurrent.atomic=ALL-UNNAMED -Xmx2048m -Dfile.encoding=x-windows-950 -Duser.country=TW -Duser.language=zh -Duser.variant org.gradle.launcher.daemon.bootstrap.GradleDaemon 8.0.1

Host: AMD Ryzen 5 5500U with Radeon Graphics         , 12 cores, 15G,  Windows 10 , 64 bit Build 19041 (10.0.19041.3636)
Time: Sun Nov 26 15:08:15 2023 台北標準時間 elapsed time: 45 seconds (0d 0h 0m 45s)

---------------  T H R E A D  ---------------

Current thread (0x000001e611d59800):  JavaThread "C2 CompilerThread0" daemon [_thread_in_native, id=22052, stack(0x0000006365800000,0x0000006365900000)]


Current CompileTask:
C2:  45399 11690       4       java.net.URLClassLoader$1::run (5 bytes)

Stack: [0x0000006365800000,0x0000006365900000]
Native frames: (J=compiled Java code, j=interpreted, Vv=VM code, C=native code)
V  [jvm.dll+0x63489a]
V  [jvm.dll+0x771f9f]
V  [jvm.dll+0x773648]
V  [jvm.dll+0x773d03]
V  [jvm.dll+0x25eba8]
V  [jvm.dll+0xc2191]
V  [jvm.dll+0xc271c]
V  [jvm.dll+0x36cc47]
V  [jvm.dll+0x1a97d1]
V  [jvm.dll+0x218ad2]
V  [jvm.dll+0x217b6a]
V  [jvm.dll+0x194370]
V  [jvm.dll+0x226b3f]
V  [jvm.dll+0x225148]
V  [jvm.dll+0x73774d]
V  [jvm.dll+0x633942]
C  [ucrtbase.dll+0x21bb2]
C  [KERNEL32.DLL+0x17344]
C  [ntdll.dll+0x526b1]


---------------  P R O C E S S  ---------------

Threads class SMR info:
_java_thread_list=0x000001e61b8b4ea0, length=182, elements={
0x000001e67237b800, 0x000001e611d34800, 0x000001e611d40800, 0x000001e611d56800,
0x000001e611d58800, 0x000001e611d59800, 0x000001e611dad000, 0x000001e611db9800,
0x000001e611f2a000, 0x000001e611f55000, 0x000001e61338d800, 0x000001e612059800,
0x000001e614255800, 0x000001e6134c0000, 0x000001e61353b000, 0x000001e613fb0800,
0x000001e613322800, 0x000001e614271800, 0x000001e613371800, 0x000001e613527800,
0x000001e614245800, 0x000001e614242800, 0x000001e614246800, 0x000001e614247800,
0x000001e614243800, 0x000001e614241800, 0x000001e614248000, 0x000001e614244000,
0x000001e614245000, 0x000001e617dff800, 0x000001e617e00000, 0x000001e617dfe800,
0x000001e617dfa800, 0x000001e617e01000, 0x000001e617e02800, 0x000001e617dfd000,
0x000001e617e03800, 0x000001e617dfd800, 0x000001e617e06800, 0x000001e617e09000,
0x000001e617e04800, 0x000001e617e08800, 0x000001e617e07800, 0x000001e617e05000,
0x000001e617e06000, 0x000001e615d27000, 0x000001e615d28000, 0x000001e615d2a800,
0x000001e615d25800, 0x000001e615d26800, 0x000001e615d29800, 0x000001e615d29000,
0x000001e615d25000, 0x000001e615d2c000, 0x000001e615d2d000, 0x000001e615d2e800,
0x000001e615d2e000, 0x000001e615d2f800, 0x000001e615d30000, 0x000001e615d31000,
0x000001e615d2b800, 0x000001e615d33800, 0x000001e615d32000, 0x000001e615d32800,
0x000001e6122a2000, 0x000001e6122a1000, 0x000001e61229e800, 0x000001e61229f800,
0x000001e6122a0000, 0x000001e61229c000, 0x000001e6122a2800, 0x000001e61229d000,
0x000001e6122a3800, 0x000001e61229e000, 0x000001e6122a5000, 0x000001e6122a6000,
0x000001e6122a7000, 0x000001e6122a4800, 0x000001e6122ab000, 0x000001e6122a7800,
0x000001e6122a8800, 0x000001e6122a9000, 0x000001e616437800, 0x000001e616438800,
0x000001e616439800, 0x000001e61643a000, 0x000001e616436000, 0x000001e61643b000,
0x000001e616435000, 0x000001e61643b800, 0x000001e61643c800, 0x000001e616437000,
0x000001e616440800, 0x000001e616442800, 0x000001e616440000, 0x000001e61643d800,
0x000001e616443000, 0x000001e61643f000, 0x000001e61643e000, 0x000001e616444000,
0x000001e616441800, 0x000001e61ba92800, 0x000001e61ba93800, 0x000001e61ba97000,
0x000001e61ba94800, 0x000001e61ba95000, 0x000001e61ba96000, 0x000001e61ba97800,
0x000001e61ba92000, 0x000001e61ba9c800, 0x000001e61ba99000, 0x000001e61ba9a000,
0x000001e61ba9d800, 0x000001e61ba9e000, 0x000001e61ba98800, 0x000001e61ba9b000,
0x000001e61ba9b800, 0x000001e61ba9f000, 0x000001e61baa0800, 0x000001e61baa0000,
0x000001e61bada000, 0x000001e61bad8000, 0x000001e61bad6800, 0x000001e61bad7800,
0x000001e61badb800, 0x000001e61badc800, 0x000001e61badd000, 0x000001e61bade000,
0x000001e61badf000, 0x000001e61bad9000, 0x000001e61badf800, 0x000001e61bae0800,
0x000001e61bada800, 0x000001e61bae3000, 0x000001e61bae1000, 0x000001e61bae3800,
0x000001e61bae4800, 0x000001e61bae2000, 0x000001e61bae5800, 0x000001e618ae8800,
0x000001e618aeb000, 0x000001e618aec800, 0x000001e618aea000, 0x000001e618aec000,
0x000001e618aed800, 0x000001e618ae8000, 0x000001e618aee800, 0x000001e618aef000,
0x000001e618ae9800, 0x000001e618af5800, 0x000001e618af3000, 0x000001e618af0000,
0x000001e618af1000, 0x000001e618af1800, 0x000001e618af2800, 0x000001e618af6800,
0x000001e618af4000, 0x000001e618af5000, 0x000001e61b95a000, 0x000001e61b95e000,
0x000001e61b958800, 0x000001e61b95d800, 0x000001e61b95f000, 0x000001e61b959800,
0x000001e61b960000, 0x000001e61b960800, 0x000001e61b95c800, 0x000001e61b95b000,
0x000001e61b961800, 0x000001e61b95b800, 0x000001e61b967000, 0x000001e61b966800,
0x000001e61b963000, 0x000001e61b965800, 0x000001e61b962800, 0x000001e61b964000,
0x000001e61b964800, 0x000001e6184a4000, 0x000001e61849e000, 0x000001e6184a1800,
0x000001e61849f000, 0x000001e6184a2000
}

Java Threads: ( => current thread )
  0x000001e67237b800 JavaThread "main" [_thread_blocked, id=16980, stack(0x0000006364d00000,0x0000006364e00000)]
  0x000001e611d34800 JavaThread "Reference Handler" daemon [_thread_blocked, id=25024, stack(0x0000006365400000,0x0000006365500000)]
  0x000001e611d40800 JavaThread "Finalizer" daemon [_thread_blocked, id=14476, stack(0x0000006365500000,0x0000006365600000)]
  0x000001e611d56800 JavaThread "Signal Dispatcher" daemon [_thread_blocked, id=31336, stack(0x0000006365600000,0x0000006365700000)]
  0x000001e611d58800 JavaThread "Attach Listener" daemon [_thread_blocked, id=30304, stack(0x0000006365700000,0x0000006365800000)]
=>0x000001e611d59800 JavaThread "C2 CompilerThread0" daemon [_thread_in_native, id=22052, stack(0x0000006365800000,0x0000006365900000)]
  0x000001e611dad000 JavaThread "C1 CompilerThread0" daemon [_thread_blocked, id=9012, stack(0x0000006365900000,0x0000006365a00000)]
  0x000001e611db9800 JavaThread "Sweeper thread" daemon [_thread_blocked, id=6204, stack(0x0000006365a00000,0x0000006365b00000)]
  0x000001e611f2a000 JavaThread "Common-Cleaner" daemon [_thread_blocked, id=20848, stack(0x0000006365b00000,0x0000006365c00000)]
  0x000001e611f55000 JavaThread "Service Thread" daemon [_thread_blocked, id=29292, stack(0x0000006365c00000,0x0000006365d00000)]
  0x000001e61338d800 JavaThread "Daemon health stats" [_thread_blocked, id=31496, stack(0x0000006366400000,0x0000006366500000)]
  0x000001e612059800 JavaThread "Incoming local TCP Connector on port 5844" [_thread_in_native, id=30876, stack(0x0000006365e00000,0x0000006365f00000)]
  0x000001e614255800 JavaThread "Daemon periodic checks" [_thread_blocked, id=29572, stack(0x0000006365f00000,0x0000006366000000)]
  0x000001e6134c0000 JavaThread "Daemon" [_thread_blocked, id=26196, stack(0x0000006366500000,0x0000006366600000)]
  0x000001e61353b000 JavaThread "Handler for socket connection from /127.0.0.1:5844 to /127.0.0.1:5845" [_thread_in_native, id=16640, stack(0x0000006366600000,0x0000006366700000)]
  0x000001e613fb0800 JavaThread "Cancel handler" [_thread_blocked, id=27568, stack(0x0000006366700000,0x0000006366800000)]
  0x000001e613322800 JavaThread "Daemon worker" [_thread_in_native, id=24172, stack(0x0000006366800000,0x0000006366900000)]
  0x000001e614271800 JavaThread "Asynchronous log dispatcher for DefaultDaemonConnection: socket connection from /127.0.0.1:5844 to /127.0.0.1:5845" [_thread_blocked, id=15544, stack(0x0000006366900000,0x0000006366a00000)]
  0x000001e613371800 JavaThread "Stdin handler" [_thread_blocked, id=25172, stack(0x0000006366a00000,0x0000006366b00000)]
  0x000001e613527800 JavaThread "Daemon client event forwarder" [_thread_blocked, id=27136, stack(0x0000006366b00000,0x0000006366c00000)]
  0x000001e614245800 JavaThread "Cache worker for journal cache (C:\Users\USER\.gradle\caches\journal-1)" [_thread_blocked, id=31164, stack(0x0000006366c00000,0x0000006366d00000)]
  0x000001e614242800 JavaThread "File lock request listener" [_thread_in_native, id=26284, stack(0x0000006366d00000,0x0000006366e00000)]
  0x000001e614246800 JavaThread "Cache worker for file hash cache (C:\Users\USER\.gradle\caches\8.0.1\fileHashes)" [_thread_blocked, id=27620, stack(0x0000006367500000,0x0000006367600000)]
  0x000001e614247800 JavaThread "File watcher server" daemon [_thread_in_native, id=19732, stack(0x0000006367800000,0x0000006367900000)]
  0x000001e614243800 JavaThread "File watcher consumer" daemon [_thread_blocked, id=28716, stack(0x0000006367900000,0x0000006367a00000)]
  0x000001e614241800 JavaThread "Cache worker for checksums cache (C:\Users\USER\Documents\GitHub\Cloud-Native-Project-Uber\ImUber\android\.gradle\8.0.1\checksums)" [_thread_blocked, id=22844, stack(0x0000006367a00000,0x0000006367b00000)]
  0x000001e614248000 JavaThread "Cache worker for cache directory md-rule (C:\Users\USER\.gradle\caches\8.0.1\md-rule)" [_thread_blocked, id=25764, stack(0x0000006367b00000,0x0000006367c00000)]
  0x000001e614244000 JavaThread "Cache worker for file content cache (C:\Users\USER\.gradle\caches\8.0.1\fileContent)" [_thread_blocked, id=3240, stack(0x0000006367c00000,0x0000006367d00000)]
  0x000001e614245000 JavaThread "Cache worker for file hash cache (C:\Users\USER\Documents\GitHub\Cloud-Native-Project-Uber\ImUber\android\.gradle\8.0.1\fileHashes)" [_thread_blocked, id=18728, stack(0x0000006367d00000,0x0000006367e00000)]
  0x000001e617dff800 JavaThread "Cache worker for cache directory md-supplier (C:\Users\USER\.gradle\caches\8.0.1\md-supplier)" [_thread_blocked, id=28400, stack(0x0000006367e00000,0x0000006367f00000)]
  0x000001e617e00000 JavaThread "Cache worker for execution history cache (C:\Users\USER\.gradle\caches\8.0.1\executionHistory)" [_thread_blocked, id=30640, stack(0x0000006367f00000,0x0000006368000000)]
  0x000001e617dfe800 JavaThread "jar transforms" [_thread_blocked, id=20784, stack(0x0000006368000000,0x0000006368100000)]
  0x000001e617dfa800 JavaThread "jar transforms Thread 2" [_thread_blocked, id=19256, stack(0x0000006368100000,0x0000006368200000)]
  0x000001e617e01000 JavaThread "jar transforms Thread 3" [_thread_blocked, id=29228, stack(0x0000006368200000,0x0000006368300000)]
  0x000001e617e02800 JavaThread "jar transforms Thread 4" [_thread_blocked, id=30408, stack(0x0000006368300000,0x0000006368400000)]
  0x000001e617dfd000 JavaThread "File lock release action executor" [_thread_blocked, id=18144, stack(0x0000006367600000,0x0000006367700000)]
  0x000001e617e03800 JavaThread "Cache worker for kotlin-dsl (C:\Users\USER\.gradle\caches\8.0.1\kotlin-dsl)" [_thread_blocked, id=22556, stack(0x0000006368500000,0x0000006368600000)]
  0x000001e617dfd800 JavaThread "jar transforms Thread 5" [_thread_blocked, id=6008, stack(0x0000006367700000,0x0000006367800000)]
  0x000001e617e06800 JavaThread "jar transforms Thread 6" [_thread_blocked, id=17076, stack(0x0000006368400000,0x0000006368500000)]
  0x000001e617e09000 JavaThread "Cache worker for dependencies-accessors (C:\Users\USER\Documents\GitHub\Cloud-Native-Project-Uber\ImUber\android\.gradle\8.0.1\dependencies-accessors)" [_thread_blocked, id=31732, stack(0x0000006368600000,0x0000006368700000)]
  0x000001e617e04800 JavaThread "Cache worker for Build Output Cleanup Cache (C:\Users\USER\Documents\GitHub\Cloud-Native-Project-Uber\ImUber\node_modules\@react-native\gradle-plugin\.gradle\buildOutputCleanup)" [_thread_blocked, id=27880, stack(0x0000006368900000,0x0000006368a00000)]
  0x000001e617e08800 JavaThread "jar transforms Thread 7" [_thread_blocked, id=29508, stack(0x0000006368700000,0x0000006368800000)]
  0x000001e617e07800 JavaThread "Unconstrained build operations" [_thread_blocked, id=21996, stack(0x0000006368a00000,0x0000006368b00000)]
  0x000001e617e05000 JavaThread "Unconstrained build operations Thread 2" [_thread_blocked, id=13992, stack(0x0000006368b00000,0x0000006368c00000)]
  0x000001e617e06000 JavaThread "Unconstrained build operations Thread 3" [_thread_blocked, id=14028, stack(0x0000006368c00000,0x0000006368d00000)]
  0x000001e615d27000 JavaThread "Unconstrained build operations Thread 4" [_thread_blocked, id=17432, stack(0x0000006368d00000,0x0000006368e00000)]
  0x000001e615d28000 JavaThread "Unconstrained build operations Thread 5" [_thread_blocked, id=27732, stack(0x0000006368e00000,0x0000006368f00000)]
  0x000001e615d2a800 JavaThread "Unconstrained build operations Thread 6" [_thread_blocked, id=30436, stack(0x0000006368f00000,0x0000006369000000)]
  0x000001e615d25800 JavaThread "Unconstrained build operations Thread 7" [_thread_blocked, id=30364, stack(0x0000006369000000,0x0000006369100000)]
  0x000001e615d26800 JavaThread "Unconstrained build operations Thread 8" [_thread_blocked, id=30932, stack(0x0000006369100000,0x0000006369200000)]
  0x000001e615d29800 JavaThread "Unconstrained build operations Thread 9" [_thread_blocked, id=24820, stack(0x0000006369200000,0x0000006369300000)]
  0x000001e615d29000 JavaThread "Unconstrained build operations Thread 10" [_thread_blocked, id=17064, stack(0x0000006369300000,0x0000006369400000)]
  0x000001e615d25000 JavaThread "Unconstrained build operations Thread 11" [_thread_blocked, id=17852, stack(0x0000006369400000,0x0000006369500000)]
  0x000001e615d2c000 JavaThread "Unconstrained build operations Thread 12" [_thread_blocked, id=6844, stack(0x0000006369500000,0x0000006369600000)]
  0x000001e615d2d000 JavaThread "Unconstrained build operations Thread 13" [_thread_blocked, id=12736, stack(0x0000006369600000,0x0000006369700000)]
  0x000001e615d2e800 JavaThread "Unconstrained build operations Thread 14" [_thread_blocked, id=17684, stack(0x0000006369700000,0x0000006369800000)]
  0x000001e615d2e000 JavaThread "Unconstrained build operations Thread 15" [_thread_blocked, id=26500, stack(0x0000006369800000,0x0000006369900000)]
  0x000001e615d2f800 JavaThread "Unconstrained build operations Thread 16" [_thread_blocked, id=2480, stack(0x0000006369900000,0x0000006369a00000)]
  0x000001e615d30000 JavaThread "Unconstrained build operations Thread 17" [_thread_blocked, id=6612, stack(0x0000006369a00000,0x0000006369b00000)]
  0x000001e615d31000 JavaThread "Unconstrained build operations Thread 18" [_thread_blocked, id=22132, stack(0x0000006369b00000,0x0000006369c00000)]
  0x000001e615d2b800 JavaThread "Unconstrained build operations Thread 19" [_thread_blocked, id=30036, stack(0x0000006369c00000,0x0000006369d00000)]
  0x000001e615d33800 JavaThread "Unconstrained build operations Thread 20" [_thread_blocked, id=27120, stack(0x0000006369d00000,0x0000006369e00000)]
  0x000001e615d32000 JavaThread "Unconstrained build operations Thread 21" [_thread_blocked, id=23752, stack(0x0000006369e00000,0x0000006369f00000)]
  0x000001e615d32800 JavaThread "Unconstrained build operations Thread 22" [_thread_blocked, id=20552, stack(0x0000006369f00000,0x000000636a000000)]
  0x000001e6122a2000 JavaThread "Unconstrained build operations Thread 23" [_thread_blocked, id=3424, stack(0x000000636a000000,0x000000636a100000)]
  0x000001e6122a1000 JavaThread "Unconstrained build operations Thread 24" [_thread_blocked, id=28116, stack(0x000000636a100000,0x000000636a200000)]
  0x000001e61229e800 JavaThread "Unconstrained build operations Thread 25" [_thread_blocked, id=28516, stack(0x000000636a200000,0x000000636a300000)]
  0x000001e61229f800 JavaThread "Unconstrained build operations Thread 26" [_thread_blocked, id=24248, stack(0x000000636a300000,0x000000636a400000)]
  0x000001e6122a0000 JavaThread "jar transforms Thread 8" [_thread_blocked, id=17796, stack(0x0000006368800000,0x0000006368900000)]
  0x000001e61229c000 JavaThread "jar transforms Thread 9" [_thread_blocked, id=2616, stack(0x000000636a400000,0x000000636a500000)]
  0x000001e6122a2800 JavaThread "jar transforms Thread 10" [_thread_blocked, id=25532, stack(0x000000636a500000,0x000000636a600000)]
  0x000001e61229d000 JavaThread "jar transforms Thread 11" [_thread_blocked, id=31324, stack(0x000000636a600000,0x000000636a700000)]
  0x000001e6122a3800 JavaThread "jar transforms Thread 12" [_thread_blocked, id=30348, stack(0x000000636a700000,0x000000636a800000)]
  0x000001e61229e000 JavaThread "Memory manager" [_thread_blocked, id=17836, stack(0x000000636a900000,0x000000636aa00000)]
  0x000001e6122a5000 JavaThread "Cache worker for Build Output Cleanup Cache (C:\Users\USER\Documents\GitHub\Cloud-Native-Project-Uber\ImUber\android\.gradle\buildOutputCleanup)" [_thread_blocked, id=28736, stack(0x000000636aa00000,0x000000636ab00000)]
  0x000001e6122a6000 JavaThread "included builds" [_thread_blocked, id=29064, stack(0x000000636ac00000,0x000000636ad00000)]
  0x000001e6122a7000 JavaThread "Execution worker" [_thread_blocked, id=7392, stack(0x000000636ad00000,0x000000636ae00000)]
  0x000001e6122a4800 JavaThread "Execution worker Thread 2" [_thread_blocked, id=23424, stack(0x000000636ae00000,0x000000636af00000)]
  0x000001e6122ab000 JavaThread "Execution worker Thread 3" [_thread_blocked, id=20956, stack(0x000000636af00000,0x000000636b000000)]
  0x000001e6122a7800 JavaThread "Execution worker Thread 4" [_thread_blocked, id=31724, stack(0x000000636b000000,0x000000636b100000)]
  0x000001e6122a8800 JavaThread "Execution worker Thread 5" [_thread_blocked, id=2496, stack(0x000000636b100000,0x000000636b200000)]
  0x000001e6122a9000 JavaThread "Execution worker Thread 6" [_thread_blocked, id=25228, stack(0x000000636b200000,0x000000636b300000)]
  0x000001e616437800 JavaThread "Execution worker Thread 7" [_thread_blocked, id=28120, stack(0x000000636b300000,0x000000636b400000)]
  0x000001e616438800 JavaThread "Execution worker Thread 8" [_thread_blocked, id=30572, stack(0x000000636b400000,0x000000636b500000)]
  0x000001e616439800 JavaThread "Execution worker Thread 9" [_thread_blocked, id=16680, stack(0x000000636b500000,0x000000636b600000)]
  0x000001e61643a000 JavaThread "Execution worker Thread 10" [_thread_blocked, id=16588, stack(0x000000636b600000,0x000000636b700000)]
  0x000001e616436000 JavaThread "Execution worker Thread 11" [_thread_blocked, id=18624, stack(0x000000636b700000,0x000000636b800000)]
  0x000001e61643b000 JavaThread "Cache worker for execution history cache (C:\Users\USER\Documents\GitHub\Cloud-Native-Project-Uber\ImUber\node_modules\@react-native\gradle-plugin\.gradle\8.0.1\executionHistory)" [_thread_blocked, id=29720, stack(0x000000636b800000,0x000000636b900000)]
  0x000001e616435000 JavaThread "Unconstrained build operations Thread 27" [_thread_blocked, id=15284, stack(0x000000636b900000,0x000000636ba00000)]
  0x000001e61643b800 JavaThread "Unconstrained build operations Thread 28" [_thread_blocked, id=13860, stack(0x000000636ba00000,0x000000636bb00000)]
  0x000001e61643c800 JavaThread "Unconstrained build operations Thread 29" [_thread_blocked, id=30300, stack(0x000000636bb00000,0x000000636bc00000)]
  0x000001e616437000 JavaThread "Unconstrained build operations Thread 30" [_thread_blocked, id=31736, stack(0x000000636bc00000,0x000000636bd00000)]
  0x000001e616440800 JavaThread "Unconstrained build operations Thread 31" [_thread_blocked, id=18384, stack(0x000000636bd00000,0x000000636be00000)]
  0x000001e616442800 JavaThread "Unconstrained build operations Thread 32" [_thread_blocked, id=29048, stack(0x000000636be00000,0x000000636bf00000)]
  0x000001e616440000 JavaThread "Unconstrained build operations Thread 33" [_thread_blocked, id=20704, stack(0x000000636bf00000,0x000000636c000000)]
  0x000001e61643d800 JavaThread "Unconstrained build operations Thread 34" [_thread_blocked, id=24132, stack(0x000000636c000000,0x000000636c100000)]
  0x000001e616443000 JavaThread "Unconstrained build operations Thread 35" [_thread_blocked, id=29920, stack(0x000000636c100000,0x000000636c200000)]
  0x000001e61643f000 JavaThread "Unconstrained build operations Thread 36" [_thread_blocked, id=28580, stack(0x000000636c200000,0x000000636c300000)]
  0x000001e61643e000 JavaThread "Unconstrained build operations Thread 37" [_thread_blocked, id=25204, stack(0x000000636c300000,0x000000636c400000)]
  0x000001e616444000 JavaThread "Unconstrained build operations Thread 38" [_thread_blocked, id=25084, stack(0x000000636c400000,0x000000636c500000)]
  0x000001e616441800 JavaThread "Unconstrained build operations Thread 39" [_thread_blocked, id=21604, stack(0x000000636c500000,0x000000636c600000)]
  0x000001e61ba92800 JavaThread "Unconstrained build operations Thread 40" [_thread_blocked, id=10056, stack(0x000000636c600000,0x000000636c700000)]
  0x000001e61ba93800 JavaThread "Unconstrained build operations Thread 41" [_thread_blocked, id=18516, stack(0x000000636c700000,0x000000636c800000)]
  0x000001e61ba97000 JavaThread "Unconstrained build operations Thread 42" [_thread_blocked, id=22140, stack(0x000000636c800000,0x000000636c900000)]
  0x000001e61ba94800 JavaThread "Unconstrained build operations Thread 43" [_thread_blocked, id=27124, stack(0x000000636c900000,0x000000636ca00000)]
  0x000001e61ba95000 JavaThread "Unconstrained build operations Thread 44" [_thread_blocked, id=14900, stack(0x000000636ca00000,0x000000636cb00000)]
  0x000001e61ba96000 JavaThread "Unconstrained build operations Thread 45" [_thread_blocked, id=7232, stack(0x000000636cb00000,0x000000636cc00000)]
  0x000001e61ba97800 JavaThread "Unconstrained build operations Thread 46" [_thread_blocked, id=31052, stack(0x000000636cc00000,0x000000636cd00000)]
  0x000001e61ba92000 JavaThread "Unconstrained build operations Thread 47" [_thread_blocked, id=29884, stack(0x000000636cd00000,0x000000636ce00000)]
  0x000001e61ba9c800 JavaThread "Unconstrained build operations Thread 48" [_thread_blocked, id=7928, stack(0x000000636ce00000,0x000000636cf00000)]
  0x000001e61ba99000 JavaThread "Unconstrained build operations Thread 49" [_thread_blocked, id=28344, stack(0x000000636cf00000,0x000000636d000000)]
  0x000001e61ba9a000 JavaThread "Unconstrained build operations Thread 50" [_thread_blocked, id=24492, stack(0x000000636d000000,0x000000636d100000)]
  0x000001e61ba9d800 JavaThread "Unconstrained build operations Thread 51" [_thread_blocked, id=11436, stack(0x000000636d100000,0x000000636d200000)]
  0x000001e61ba9e000 JavaThread "Unconstrained build operations Thread 52" [_thread_blocked, id=29440, stack(0x000000636d200000,0x000000636d300000)]
  0x000001e61ba98800 JavaThread "Unconstrained build operations Thread 53" [_thread_blocked, id=26024, stack(0x000000636d300000,0x000000636d400000)]
  0x000001e61ba9b000 JavaThread "Unconstrained build operations Thread 54" [_thread_blocked, id=16460, stack(0x000000636d400000,0x000000636d500000)]
  0x000001e61ba9b800 JavaThread "Unconstrained build operations Thread 55" [_thread_blocked, id=29488, stack(0x000000636d500000,0x000000636d600000)]
  0x000001e61ba9f000 JavaThread "Unconstrained build operations Thread 56" [_thread_blocked, id=25680, stack(0x000000636d600000,0x000000636d700000)]
  0x000001e61baa0800 JavaThread "Unconstrained build operations Thread 57" [_thread_blocked, id=24200, stack(0x000000636d700000,0x000000636d800000)]
  0x000001e61baa0000 JavaThread "Unconstrained build operations Thread 58" [_thread_blocked, id=5104, stack(0x000000636d800000,0x000000636d900000)]
  0x000001e61bada000 JavaThread "Unconstrained build operations Thread 59" [_thread_blocked, id=18048, stack(0x000000636d900000,0x000000636da00000)]
  0x000001e61bad8000 JavaThread "Unconstrained build operations Thread 60" [_thread_blocked, id=16752, stack(0x000000636da00000,0x000000636db00000)]
  0x000001e61bad6800 JavaThread "Unconstrained build operations Thread 61" [_thread_blocked, id=28640, stack(0x000000636db00000,0x000000636dc00000)]
  0x000001e61bad7800 JavaThread "Unconstrained build operations Thread 62" [_thread_blocked, id=24784, stack(0x000000636dc00000,0x000000636dd00000)]
  0x000001e61badb800 JavaThread "Unconstrained build operations Thread 63" [_thread_blocked, id=15184, stack(0x000000636dd00000,0x000000636de00000)]
  0x000001e61badc800 JavaThread "Unconstrained build operations Thread 64" [_thread_blocked, id=15664, stack(0x000000636de00000,0x000000636df00000)]
  0x000001e61badd000 JavaThread "Unconstrained build operations Thread 65" [_thread_blocked, id=19780, stack(0x000000636df00000,0x000000636e000000)]
  0x000001e61bade000 JavaThread "Unconstrained build operations Thread 66" [_thread_blocked, id=30488, stack(0x000000636e000000,0x000000636e100000)]
  0x000001e61badf000 JavaThread "Unconstrained build operations Thread 67" [_thread_blocked, id=22344, stack(0x000000636e100000,0x000000636e200000)]
  0x000001e61bad9000 JavaThread "Unconstrained build operations Thread 68" [_thread_blocked, id=26048, stack(0x000000636e200000,0x000000636e300000)]
  0x000001e61badf800 JavaThread "Unconstrained build operations Thread 69" [_thread_blocked, id=24704, stack(0x000000636e300000,0x000000636e400000)]
  0x000001e61bae0800 JavaThread "Unconstrained build operations Thread 70" [_thread_blocked, id=4080, stack(0x000000636e400000,0x000000636e500000)]
  0x000001e61bada800 JavaThread "Unconstrained build operations Thread 71" [_thread_blocked, id=1776, stack(0x000000636e500000,0x000000636e600000)]
  0x000001e61bae3000 JavaThread "Unconstrained build operations Thread 72" [_thread_blocked, id=11612, stack(0x000000636e600000,0x000000636e700000)]
  0x000001e61bae1000 JavaThread "Unconstrained build operations Thread 73" [_thread_blocked, id=31416, stack(0x000000636e700000,0x000000636e800000)]
  0x000001e61bae3800 JavaThread "Unconstrained build operations Thread 74" [_thread_blocked, id=5124, stack(0x000000636e800000,0x000000636e900000)]
  0x000001e61bae4800 JavaThread "Unconstrained build operations Thread 75" [_thread_blocked, id=14272, stack(0x000000636e900000,0x000000636ea00000)]
  0x000001e61bae2000 JavaThread "Unconstrained build operations Thread 76" [_thread_blocked, id=24372, stack(0x000000636ea00000,0x000000636eb00000)]
  0x000001e61bae5800 JavaThread "Unconstrained build operations Thread 77" [_thread_blocked, id=20924, stack(0x000000636eb00000,0x000000636ec00000)]
  0x000001e618ae8800 JavaThread "Unconstrained build operations Thread 78" [_thread_blocked, id=13396, stack(0x000000636ec00000,0x000000636ed00000)]
  0x000001e618aeb000 JavaThread "Unconstrained build operations Thread 79" [_thread_blocked, id=23784, stack(0x000000636ed00000,0x000000636ee00000)]
  0x000001e618aec800 JavaThread "Unconstrained build operations Thread 80" [_thread_blocked, id=13604, stack(0x000000636ee00000,0x000000636ef00000)]
  0x000001e618aea000 JavaThread "Unconstrained build operations Thread 81" [_thread_blocked, id=29272, stack(0x000000636ef00000,0x000000636f000000)]
  0x000001e618aec000 JavaThread "Unconstrained build operations Thread 82" [_thread_blocked, id=26408, stack(0x000000636f000000,0x000000636f100000)]
  0x000001e618aed800 JavaThread "Unconstrained build operations Thread 83" [_thread_blocked, id=2128, stack(0x000000636f100000,0x000000636f200000)]
  0x000001e618ae8000 JavaThread "Unconstrained build operations Thread 84" [_thread_blocked, id=21152, stack(0x000000636f200000,0x000000636f300000)]
  0x000001e618aee800 JavaThread "Unconstrained build operations Thread 85" [_thread_blocked, id=21700, stack(0x000000636f300000,0x000000636f400000)]
  0x000001e618aef000 JavaThread "Unconstrained build operations Thread 86" [_thread_blocked, id=13424, stack(0x000000636f400000,0x000000636f500000)]
  0x000001e618ae9800 JavaThread "Unconstrained build operations Thread 87" [_thread_blocked, id=28948, stack(0x000000636f500000,0x000000636f600000)]
  0x000001e618af5800 JavaThread "Unconstrained build operations Thread 88" [_thread_blocked, id=22168, stack(0x000000636f600000,0x000000636f700000)]
  0x000001e618af3000 JavaThread "Unconstrained build operations Thread 89" [_thread_blocked, id=27240, stack(0x000000636f700000,0x000000636f800000)]
  0x000001e618af0000 JavaThread "Unconstrained build operations Thread 90" [_thread_blocked, id=18004, stack(0x000000636f800000,0x000000636f900000)]
  0x000001e618af1000 JavaThread "Unconstrained build operations Thread 91" [_thread_blocked, id=28772, stack(0x000000636f900000,0x000000636fa00000)]
  0x000001e618af1800 JavaThread "Unconstrained build operations Thread 92" [_thread_blocked, id=25592, stack(0x000000636fa00000,0x000000636fb00000)]
  0x000001e618af2800 JavaThread "Unconstrained build operations Thread 93" [_thread_blocked, id=25804, stack(0x000000636fb00000,0x000000636fc00000)]
  0x000001e618af6800 JavaThread "Unconstrained build operations Thread 94" [_thread_blocked, id=16156, stack(0x000000636fc00000,0x000000636fd00000)]
  0x000001e618af4000 JavaThread "Unconstrained build operations Thread 95" [_thread_blocked, id=29280, stack(0x000000636fd00000,0x000000636fe00000)]
  0x000001e618af5000 JavaThread "Unconstrained build operations Thread 96" [_thread_blocked, id=20140, stack(0x000000636fe00000,0x000000636ff00000)]
  0x000001e61b95a000 JavaThread "Unconstrained build operations Thread 97" [_thread_blocked, id=8912, stack(0x000000636ff00000,0x0000006370000000)]
  0x000001e61b95e000 JavaThread "Unconstrained build operations Thread 98" [_thread_blocked, id=19400, stack(0x0000006370000000,0x0000006370100000)]
  0x000001e61b958800 JavaThread "Unconstrained build operations Thread 99" [_thread_blocked, id=14976, stack(0x0000006370100000,0x0000006370200000)]
  0x000001e61b95d800 JavaThread "Unconstrained build operations Thread 100" [_thread_blocked, id=22416, stack(0x0000006370200000,0x0000006370300000)]
  0x000001e61b95f000 JavaThread "Unconstrained build operations Thread 101" [_thread_blocked, id=25840, stack(0x0000006370300000,0x0000006370400000)]
  0x000001e61b959800 JavaThread "Unconstrained build operations Thread 102" [_thread_blocked, id=9640, stack(0x0000006370400000,0x0000006370500000)]
  0x000001e61b960000 JavaThread "Unconstrained build operations Thread 103" [_thread_blocked, id=8044, stack(0x0000006370500000,0x0000006370600000)]
  0x000001e61b960800 JavaThread "Unconstrained build operations Thread 104" [_thread_blocked, id=9192, stack(0x0000006370600000,0x0000006370700000)]
  0x000001e61b95c800 JavaThread "Unconstrained build operations Thread 105" [_thread_blocked, id=30668, stack(0x0000006370700000,0x0000006370800000)]
  0x000001e61b95b000 JavaThread "Unconstrained build operations Thread 106" [_thread_blocked, id=22136, stack(0x0000006370800000,0x0000006370900000)]
  0x000001e61b961800 JavaThread "Unconstrained build operations Thread 107" [_thread_blocked, id=2308, stack(0x0000006370900000,0x0000006370a00000)]
  0x000001e61b95b800 JavaThread "Unconstrained build operations Thread 108" [_thread_blocked, id=28160, stack(0x0000006370a00000,0x0000006370b00000)]
  0x000001e61b967000 JavaThread "Unconstrained build operations Thread 109" [_thread_blocked, id=22276, stack(0x0000006370b00000,0x0000006370c00000)]
  0x000001e61b966800 JavaThread "Unconstrained build operations Thread 110" [_thread_blocked, id=21132, stack(0x0000006370c00000,0x0000006370d00000)]
  0x000001e61b963000 JavaThread "Unconstrained build operations Thread 111" [_thread_blocked, id=11448, stack(0x0000006370d00000,0x0000006370e00000)]
  0x000001e61b965800 JavaThread "Unconstrained build operations Thread 112" [_thread_blocked, id=19288, stack(0x0000006370e00000,0x0000006370f00000)]
  0x000001e61b962800 JavaThread "Unconstrained build operations Thread 113" [_thread_blocked, id=11624, stack(0x0000006370f00000,0x0000006371000000)]
  0x000001e61b964000 JavaThread "Unconstrained build operations Thread 114" [_thread_blocked, id=30656, stack(0x0000006371000000,0x0000006371100000)]
  0x000001e61b964800 JavaThread "Unconstrained build operations Thread 115" [_thread_blocked, id=1460, stack(0x0000006371100000,0x0000006371200000)]
  0x000001e6184a4000 JavaThread "Unconstrained build operations Thread 116" [_thread_blocked, id=16336, stack(0x0000006371200000,0x0000006371300000)]
  0x000001e61849e000 JavaThread "Unconstrained build operations Thread 117" [_thread_blocked, id=22128, stack(0x0000006371300000,0x0000006371400000)]
  0x000001e6184a1800 JavaThread "Unconstrained build operations Thread 118" [_thread_blocked, id=6688, stack(0x0000006371400000,0x0000006371500000)]
  0x000001e61849f000 JavaThread "Unconstrained build operations Thread 119" [_thread_blocked, id=24128, stack(0x0000006371500000,0x0000006371600000)]
  0x000001e6184a2000 JavaThread "Unconstrained build operations Thread 120" [_thread_blocked, id=26028, stack(0x0000006371600000,0x0000006371700000)]

Other Threads:
  0x000001e6114fc800 VMThread "VM Thread" [stack: 0x0000006365300000,0x0000006365400000] [id=15608]
  0x000001e611f56000 WatcherThread [stack: 0x0000006365d00000,0x0000006365e00000] [id=30860]
  0x000001e672392800 GCTaskThread "GC Thread#0" [stack: 0x0000006364e00000,0x0000006364f00000] [id=21524]
  0x000001e613428800 GCTaskThread "GC Thread#1" [stack: 0x0000006366000000,0x0000006366100000] [id=22596]
  0x000001e612bfc800 GCTaskThread "GC Thread#2" [stack: 0x0000006366100000,0x0000006366200000] [id=3120]
  0x000001e612a6c800 GCTaskThread "GC Thread#3" [stack: 0x0000006366200000,0x0000006366300000] [id=30600]
  0x000001e612dba800 GCTaskThread "GC Thread#4" [stack: 0x0000006366300000,0x0000006366400000] [id=27436]
  0x000001e613e4e000 GCTaskThread "GC Thread#5" [stack: 0x0000006366e00000,0x0000006366f00000] [id=18640]
  0x000001e613e4f800 GCTaskThread "GC Thread#6" [stack: 0x0000006366f00000,0x0000006367000000] [id=28244]
  0x000001e613e4d000 GCTaskThread "GC Thread#7" [stack: 0x0000006367000000,0x0000006367100000] [id=7800]
  0x000001e613e53800 GCTaskThread "GC Thread#8" [stack: 0x0000006367100000,0x0000006367200000] [id=23624]
  0x000001e613e51000 GCTaskThread "GC Thread#9" [stack: 0x0000006367200000,0x0000006367300000] [id=23672]
  0x000001e6723c5000 ConcurrentGCThread "G1 Main Marker" [stack: 0x0000006364f00000,0x0000006365000000] [id=5824]
  0x000001e6723c6800 ConcurrentGCThread "G1 Conc#0" [stack: 0x0000006365000000,0x0000006365100000] [id=12620]
  0x000001e613e52000 ConcurrentGCThread "G1 Conc#1" [stack: 0x0000006367300000,0x0000006367400000] [id=29600]
  0x000001e613e50800 ConcurrentGCThread "G1 Conc#2" [stack: 0x0000006367400000,0x0000006367500000] [id=9888]
  0x000001e61139e800 ConcurrentGCThread "G1 Refine#0" [stack: 0x0000006365100000,0x0000006365200000] [id=3448]
  0x000001e61139f000 ConcurrentGCThread "G1 Young RemSet Sampling" [stack: 0x0000006365200000,0x0000006365300000] [id=23460]

Threads with active compile tasks:
C2 CompilerThread011690       4       java.net.URLClassLoader$1::run (5 bytes)

VM state:not at safepoint (normal execution)

VM Mutex/Monitor currently owned by a thread: None

Heap address: 0x0000000080000000, size: 2048 MB, Compressed Oops mode: 32-bit
Narrow klass base: 0x0000000000000000, Narrow klass shift: 3
Compressed class space size: 528482304 Address: 0x0000000100000000

Heap:
 garbage-first heap   total 251904K, used 175540K [0x0000000080000000, 0x0000000100000000)
  region size 1024K, 35 young (35840K), 3 survivors (3072K)
 Metaspace       used 100283K, capacity 103797K, committed 104028K, reserved 606208K
  class space    used 13304K, capacity 14678K, committed 14720K, reserved 516096K
Heap Regions: E=young(eden), S=young(survivor), O=old, HS=humongous(starts), HC=humongous(continues), CS=collection set, F=free, A=archive, TAMS=top-at-mark-start (previous, next)
|   0|0x0000000080000000, 0x0000000080100000, 0x0000000080100000|100%|HS|  |TAMS 0x0000000080100000, 0x0000000080000000| Complete 
|   1|0x0000000080100000, 0x0000000080200000, 0x0000000080200000|100%|HC|  |TAMS 0x0000000080200000, 0x0000000080100000| Complete 
|   2|0x0000000080200000, 0x0000000080300000, 0x0000000080300000|100%|HC|  |TAMS 0x0000000080300000, 0x0000000080200000| Complete 
|   3|0x0000000080300000, 0x0000000080400000, 0x0000000080400000|100%|HC|  |TAMS 0x0000000080400000, 0x0000000080300000| Complete 
|   4|0x0000000080400000, 0x0000000080500000, 0x0000000080500000|100%| O|  |TAMS 0x0000000080500000, 0x0000000080400000| Untracked 
|   5|0x0000000080500000, 0x0000000080600000, 0x0000000080600000|100%| O|  |TAMS 0x0000000080600000, 0x0000000080500000| Untracked 
|   6|0x0000000080600000, 0x0000000080700000, 0x0000000080700000|100%| O|  |TAMS 0x0000000080700000, 0x0000000080600000| Untracked 
|   7|0x0000000080700000, 0x0000000080800000, 0x0000000080800000|100%| O|  |TAMS 0x0000000080800000, 0x0000000080700000| Untracked 
|   8|0x0000000080800000, 0x0000000080900000, 0x0000000080900000|100%| O|  |TAMS 0x0000000080900000, 0x0000000080800000| Untracked 
|   9|0x0000000080900000, 0x0000000080a00000, 0x0000000080a00000|100%| O|  |TAMS 0x0000000080a00000, 0x0000000080900000| Untracked 
|  10|0x0000000080a00000, 0x0000000080b00000, 0x0000000080b00000|100%| O|  |TAMS 0x0000000080b00000, 0x0000000080a00000| Untracked 
|  11|0x0000000080b00000, 0x0000000080c00000, 0x0000000080c00000|100%| O|  |TAMS 0x0000000080c00000, 0x0000000080b00000| Untracked 
|  12|0x0000000080c00000, 0x0000000080d00000, 0x0000000080d00000|100%| O|  |TAMS 0x0000000080d00000, 0x0000000080c00000| Untracked 
|  13|0x0000000080d00000, 0x0000000080e00000, 0x0000000080e00000|100%| O|  |TAMS 0x0000000080e00000, 0x0000000080d00000| Untracked 
|  14|0x0000000080e00000, 0x0000000080f00000, 0x0000000080f00000|100%| O|  |TAMS 0x0000000080f00000, 0x0000000080e00000| Untracked 
|  15|0x0000000080f00000, 0x0000000081000000, 0x0000000081000000|100%| O|  |TAMS 0x0000000081000000, 0x0000000080f00000| Untracked 
|  16|0x0000000081000000, 0x0000000081100000, 0x0000000081100000|100%| O|  |TAMS 0x0000000081100000, 0x0000000081000000| Untracked 
|  17|0x0000000081100000, 0x0000000081200000, 0x0000000081200000|100%| O|  |TAMS 0x0000000081200000, 0x0000000081100000| Untracked 
|  18|0x0000000081200000, 0x0000000081300000, 0x0000000081300000|100%| O|  |TAMS 0x0000000081300000, 0x0000000081200000| Untracked 
|  19|0x0000000081300000, 0x0000000081400000, 0x0000000081400000|100%| O|  |TAMS 0x0000000081400000, 0x0000000081300000| Untracked 
|  20|0x0000000081400000, 0x0000000081500000, 0x0000000081500000|100%| O|  |TAMS 0x0000000081500000, 0x0000000081400000| Untracked 
|  21|0x0000000081500000, 0x0000000081600000, 0x0000000081600000|100%| O|  |TAMS 0x0000000081600000, 0x0000000081500000| Untracked 
|  22|0x0000000081600000, 0x0000000081700000, 0x0000000081700000|100%| O|  |TAMS 0x0000000081700000, 0x0000000081600000| Untracked 
|  23|0x0000000081700000, 0x0000000081800000, 0x0000000081800000|100%| O|  |TAMS 0x0000000081800000, 0x0000000081700000| Untracked 
|  24|0x0000000081800000, 0x0000000081900000, 0x0000000081900000|100%| O|  |TAMS 0x0000000081900000, 0x0000000081800000| Untracked 
|  25|0x0000000081900000, 0x0000000081a00000, 0x0000000081a00000|100%|HS|  |TAMS 0x0000000081a00000, 0x0000000081900000| Complete 
|  26|0x0000000081a00000, 0x0000000081b00000, 0x0000000081b00000|100%|HC|  |TAMS 0x0000000081b00000, 0x0000000081a00000| Complete 
|  27|0x0000000081b00000, 0x0000000081c00000, 0x0000000081c00000|100%|HS|  |TAMS 0x0000000081c00000, 0x0000000081b00000| Complete 
|  28|0x0000000081c00000, 0x0000000081d00000, 0x0000000081d00000|100%|HC|  |TAMS 0x0000000081d00000, 0x0000000081c00000| Complete 
|  29|0x0000000081d00000, 0x0000000081e00000, 0x0000000081e00000|100%|HC|  |TAMS 0x0000000081e00000, 0x0000000081d00000| Complete 
|  30|0x0000000081e00000, 0x0000000081f00000, 0x0000000081f00000|100%|HC|  |TAMS 0x0000000081f00000, 0x0000000081e00000| Complete 
|  31|0x0000000081f00000, 0x0000000082000000, 0x0000000082000000|100%| O|  |TAMS 0x0000000082000000, 0x0000000081f00000| Untracked 
|  32|0x0000000082000000, 0x0000000082100000, 0x0000000082100000|100%| O|  |TAMS 0x0000000082100000, 0x0000000082000000| Untracked 
|  33|0x0000000082100000, 0x0000000082200000, 0x0000000082200000|100%| O|  |TAMS 0x0000000082200000, 0x0000000082100000| Untracked 
|  34|0x0000000082200000, 0x0000000082300000, 0x0000000082300000|100%| O|  |TAMS 0x0000000082300000, 0x0000000082200000| Untracked 
|  35|0x0000000082300000, 0x0000000082400000, 0x0000000082400000|100%| O|  |TAMS 0x0000000082400000, 0x0000000082300000| Untracked 
|  36|0x0000000082400000, 0x0000000082500000, 0x0000000082500000|100%|HS|  |TAMS 0x0000000082500000, 0x0000000082400000| Complete 
|  37|0x0000000082500000, 0x0000000082600000, 0x0000000082600000|100%|HS|  |TAMS 0x0000000082600000, 0x0000000082500000| Complete 
|  38|0x0000000082600000, 0x0000000082700000, 0x0000000082700000|100%| O|  |TAMS 0x0000000082700000, 0x0000000082600000| Untracked 
|  39|0x0000000082700000, 0x0000000082800000, 0x0000000082800000|100%| O|  |TAMS 0x0000000082800000, 0x0000000082700000| Untracked 
|  40|0x0000000082800000, 0x0000000082900000, 0x0000000082900000|100%| O|  |TAMS 0x0000000082900000, 0x0000000082800000| Untracked 
|  41|0x0000000082900000, 0x0000000082a00000, 0x0000000082a00000|100%| O|  |TAMS 0x0000000082a00000, 0x0000000082900000| Untracked 
|  42|0x0000000082a00000, 0x0000000082b00000, 0x0000000082b00000|100%| O|  |TAMS 0x0000000082b00000, 0x0000000082a00000| Untracked 
|  43|0x0000000082b00000, 0x0000000082c00000, 0x0000000082c00000|100%| O|  |TAMS 0x0000000082c00000, 0x0000000082b00000| Untracked 
|  44|0x0000000082c00000, 0x0000000082d00000, 0x0000000082d00000|100%| O|  |TAMS 0x0000000082d00000, 0x0000000082c00000| Untracked 
|  45|0x0000000082d00000, 0x0000000082e00000, 0x0000000082e00000|100%| O|  |TAMS 0x0000000082e00000, 0x0000000082d00000| Untracked 
|  46|0x0000000082e00000, 0x0000000082f00000, 0x0000000082f00000|100%| O|  |TAMS 0x0000000082f00000, 0x0000000082e00000| Untracked 
|  47|0x0000000082f00000, 0x0000000083000000, 0x0000000083000000|100%| O|  |TAMS 0x0000000083000000, 0x0000000082f00000| Untracked 
|  48|0x0000000083000000, 0x0000000083100000, 0x0000000083100000|100%| O|  |TAMS 0x0000000083100000, 0x0000000083000000| Untracked 
|  49|0x0000000083100000, 0x0000000083200000, 0x0000000083200000|100%| O|  |TAMS 0x0000000083200000, 0x0000000083100000| Untracked 
|  50|0x0000000083200000, 0x0000000083300000, 0x0000000083300000|100%| O|  |TAMS 0x0000000083300000, 0x0000000083200000| Untracked 
|  51|0x0000000083300000, 0x0000000083400000, 0x0000000083400000|100%| O|  |TAMS 0x0000000083400000, 0x0000000083300000| Untracked 
|  52|0x0000000083400000, 0x0000000083500000, 0x0000000083500000|100%| O|  |TAMS 0x0000000083500000, 0x0000000083400000| Untracked 
|  53|0x0000000083500000, 0x0000000083600000, 0x0000000083600000|100%| O|  |TAMS 0x0000000083600000, 0x0000000083500000| Untracked 
|  54|0x0000000083600000, 0x0000000083700000, 0x0000000083700000|100%| O|  |TAMS 0x0000000083700000, 0x0000000083600000| Untracked 
|  55|0x0000000083700000, 0x0000000083800000, 0x0000000083800000|100%| O|  |TAMS 0x0000000083800000, 0x0000000083700000| Untracked 
|  56|0x0000000083800000, 0x0000000083900000, 0x0000000083900000|100%| O|  |TAMS 0x0000000083900000, 0x0000000083800000| Untracked 
|  57|0x0000000083900000, 0x0000000083a00000, 0x0000000083a00000|100%| O|  |TAMS 0x0000000083a00000, 0x0000000083900000| Untracked 
|  58|0x0000000083a00000, 0x0000000083b00000, 0x0000000083b00000|100%| O|  |TAMS 0x0000000083b00000, 0x0000000083a00000| Untracked 
|  59|0x0000000083b00000, 0x0000000083c00000, 0x0000000083c00000|100%| O|  |TAMS 0x0000000083c00000, 0x0000000083b00000| Untracked 
|  60|0x0000000083c00000, 0x0000000083d00000, 0x0000000083d00000|100%| O|  |TAMS 0x0000000083d00000, 0x0000000083c00000| Untracked 
|  61|0x0000000083d00000, 0x0000000083e00000, 0x0000000083e00000|100%| O|  |TAMS 0x0000000083e00000, 0x0000000083d00000| Untracked 
|  62|0x0000000083e00000, 0x0000000083f00000, 0x0000000083f00000|100%| O|  |TAMS 0x0000000083f00000, 0x0000000083e00000| Untracked 
|  63|0x0000000083f00000, 0x0000000084000000, 0x0000000084000000|100%| O|  |TAMS 0x0000000084000000, 0x0000000083f00000| Untracked 
|  64|0x0000000084000000, 0x0000000084100000, 0x0000000084100000|100%| O|  |TAMS 0x0000000084100000, 0x0000000084000000| Untracked 
|  65|0x0000000084100000, 0x0000000084200000, 0x0000000084200000|100%| O|  |TAMS 0x0000000084200000, 0x0000000084100000| Untracked 
|  66|0x0000000084200000, 0x0000000084300000, 0x0000000084300000|100%| O|  |TAMS 0x0000000084300000, 0x0000000084200000| Untracked 
|  67|0x0000000084300000, 0x0000000084400000, 0x0000000084400000|100%| O|  |TAMS 0x0000000084400000, 0x0000000084300000| Untracked 
|  68|0x0000000084400000, 0x0000000084500000, 0x0000000084500000|100%| O|  |TAMS 0x0000000084500000, 0x0000000084400000| Untracked 
|  69|0x0000000084500000, 0x0000000084600000, 0x0000000084600000|100%| O|  |TAMS 0x0000000084600000, 0x0000000084500000| Untracked 
|  70|0x0000000084600000, 0x0000000084700000, 0x0000000084700000|100%| O|  |TAMS 0x0000000084700000, 0x0000000084600000| Untracked 
|  71|0x0000000084700000, 0x0000000084800000, 0x0000000084800000|100%| O|  |TAMS 0x0000000084800000, 0x0000000084700000| Untracked 
|  72|0x0000000084800000, 0x0000000084900000, 0x0000000084900000|100%|HS|  |TAMS 0x0000000084900000, 0x0000000084800000| Complete 
|  73|0x0000000084900000, 0x0000000084a00000, 0x0000000084a00000|100%|HS|  |TAMS 0x0000000084a00000, 0x0000000084900000| Complete 
|  74|0x0000000084a00000, 0x0000000084b00000, 0x0000000084b00000|100%|HS|  |TAMS 0x0000000084b00000, 0x0000000084a00000| Complete 
|  75|0x0000000084b00000, 0x0000000084c00000, 0x0000000084c00000|100%|HS|  |TAMS 0x0000000084c00000, 0x0000000084b00000| Complete 
|  76|0x0000000084c00000, 0x0000000084d00000, 0x0000000084d00000|100%|HC|  |TAMS 0x0000000084d00000, 0x0000000084c00000| Complete 
|  77|0x0000000084d00000, 0x0000000084e00000, 0x0000000084e00000|100%|HC|  |TAMS 0x0000000084e00000, 0x0000000084d00000| Complete 
|  78|0x0000000084e00000, 0x0000000084f00000, 0x0000000084f00000|100%|HS|  |TAMS 0x0000000084f00000, 0x0000000084e00000| Complete 
|  79|0x0000000084f00000, 0x0000000085000000, 0x0000000085000000|100%|HC|  |TAMS 0x0000000085000000, 0x0000000084f00000| Complete 
|  80|0x0000000085000000, 0x0000000085100000, 0x0000000085100000|100%| O|  |TAMS 0x0000000085100000, 0x0000000085000000| Untracked 
|  81|0x0000000085100000, 0x0000000085200000, 0x0000000085200000|100%| O|  |TAMS 0x0000000085200000, 0x0000000085100000| Untracked 
|  82|0x0000000085200000, 0x0000000085300000, 0x0000000085300000|100%| O|  |TAMS 0x0000000085300000, 0x0000000085200000| Untracked 
|  83|0x0000000085300000, 0x0000000085400000, 0x0000000085400000|100%| O|  |TAMS 0x0000000085400000, 0x0000000085300000| Untracked 
|  84|0x0000000085400000, 0x0000000085500000, 0x0000000085500000|100%| O|  |TAMS 0x0000000085500000, 0x0000000085400000| Untracked 
|  85|0x0000000085500000, 0x0000000085600000, 0x0000000085600000|100%| O|  |TAMS 0x0000000085600000, 0x0000000085500000| Untracked 
|  86|0x0000000085600000, 0x0000000085700000, 0x0000000085700000|100%| O|  |TAMS 0x0000000085700000, 0x0000000085600000| Untracked 
|  87|0x0000000085700000, 0x0000000085800000, 0x0000000085800000|100%| O|  |TAMS 0x0000000085800000, 0x0000000085700000| Untracked 
|  88|0x0000000085800000, 0x0000000085900000, 0x0000000085900000|100%| O|  |TAMS 0x0000000085900000, 0x0000000085800000| Untracked 
|  89|0x0000000085900000, 0x0000000085a00000, 0x0000000085a00000|100%| O|  |TAMS 0x0000000085a00000, 0x0000000085900000| Untracked 
|  90|0x0000000085a00000, 0x0000000085b00000, 0x0000000085b00000|100%|HS|  |TAMS 0x0000000085b00000, 0x0000000085a00000| Complete 
|  91|0x0000000085b00000, 0x0000000085c00000, 0x0000000085c00000|100%|HC|  |TAMS 0x0000000085c00000, 0x0000000085b00000| Complete 
|  92|0x0000000085c00000, 0x0000000085d00000, 0x0000000085d00000|100%|HS|  |TAMS 0x0000000085d00000, 0x0000000085c00000| Complete 
|  93|0x0000000085d00000, 0x0000000085e00000, 0x0000000085e00000|100%|HC|  |TAMS 0x0000000085e00000, 0x0000000085d00000| Complete 
|  94|0x0000000085e00000, 0x0000000085f00000, 0x0000000085f00000|100%|HS|  |TAMS 0x0000000085f00000, 0x0000000085e00000| Complete 
|  95|0x0000000085f00000, 0x0000000086000000, 0x0000000086000000|100%|HS|  |TAMS 0x0000000086000000, 0x0000000085f00000| Complete 
|  96|0x0000000086000000, 0x0000000086100000, 0x0000000086100000|100%|HS|  |TAMS 0x0000000086100000, 0x0000000086000000| Complete 
|  97|0x0000000086100000, 0x0000000086200000, 0x0000000086200000|100%|HS|  |TAMS 0x0000000086200000, 0x0000000086100000| Complete 
|  98|0x0000000086200000, 0x0000000086300000, 0x0000000086300000|100%|HC|  |TAMS 0x0000000086300000, 0x0000000086200000| Complete 
|  99|0x0000000086300000, 0x0000000086400000, 0x0000000086400000|100%|HC|  |TAMS 0x0000000086400000, 0x0000000086300000| Complete 
| 100|0x0000000086400000, 0x0000000086500000, 0x0000000086500000|100%| O|  |TAMS 0x0000000086500000, 0x0000000086400000| Untracked 
| 101|0x0000000086500000, 0x0000000086600000, 0x0000000086600000|100%| O|  |TAMS 0x0000000086600000, 0x0000000086500000| Untracked 
| 102|0x0000000086600000, 0x0000000086700000, 0x0000000086700000|100%| O|  |TAMS 0x0000000086700000, 0x0000000086600000| Untracked 
| 103|0x0000000086700000, 0x0000000086800000, 0x0000000086800000|100%| O|  |TAMS 0x0000000086800000, 0x0000000086700000| Untracked 
| 104|0x0000000086800000, 0x0000000086900000, 0x0000000086900000|100%| O|  |TAMS 0x0000000086900000, 0x0000000086800000| Untracked 
| 105|0x0000000086900000, 0x0000000086a00000, 0x0000000086a00000|100%| O|  |TAMS 0x0000000086a00000, 0x0000000086900000| Untracked 
| 106|0x0000000086a00000, 0x0000000086b00000, 0x0000000086b00000|100%| O|  |TAMS 0x0000000086b00000, 0x0000000086a00000| Untracked 
| 107|0x0000000086b00000, 0x0000000086c00000, 0x0000000086c00000|100%| O|  |TAMS 0x0000000086c00000, 0x0000000086b00000| Untracked 
| 108|0x0000000086c00000, 0x0000000086d00000, 0x0000000086d00000|100%| O|  |TAMS 0x0000000086d00000, 0x0000000086c00000| Untracked 
| 109|0x0000000086d00000, 0x0000000086e00000, 0x0000000086e00000|100%| O|  |TAMS 0x0000000086e00000, 0x0000000086d00000| Untracked 
| 110|0x0000000086e00000, 0x0000000086f00000, 0x0000000086f00000|100%| O|  |TAMS 0x0000000086f00000, 0x0000000086e00000| Untracked 
| 111|0x0000000086f00000, 0x0000000087000000, 0x0000000087000000|100%| O|  |TAMS 0x0000000087000000, 0x0000000086f00000| Untracked 
| 112|0x0000000087000000, 0x0000000087100000, 0x0000000087100000|100%| O|  |TAMS 0x0000000087100000, 0x0000000087000000| Untracked 
| 113|0x0000000087100000, 0x0000000087200000, 0x0000000087200000|100%| O|  |TAMS 0x0000000087200000, 0x0000000087100000| Untracked 
| 114|0x0000000087200000, 0x0000000087300000, 0x0000000087300000|100%| O|  |TAMS 0x0000000087300000, 0x0000000087200000| Untracked 
| 115|0x0000000087300000, 0x0000000087400000, 0x0000000087400000|100%| O|  |TAMS 0x0000000087400000, 0x0000000087300000| Untracked 
| 116|0x0000000087400000, 0x0000000087500000, 0x0000000087500000|100%| O|  |TAMS 0x0000000087500000, 0x0000000087400000| Untracked 
| 117|0x0000000087500000, 0x0000000087600000, 0x0000000087600000|100%| O|  |TAMS 0x0000000087600000, 0x0000000087500000| Untracked 
| 118|0x0000000087600000, 0x0000000087700000, 0x0000000087700000|100%| O|  |TAMS 0x0000000087700000, 0x0000000087600000| Untracked 
| 119|0x0000000087700000, 0x0000000087800000, 0x0000000087800000|100%| O|  |TAMS 0x0000000087800000, 0x0000000087700000| Untracked 
| 120|0x0000000087800000, 0x0000000087900000, 0x0000000087900000|100%| O|  |TAMS 0x0000000087900000, 0x0000000087800000| Untracked 
| 121|0x0000000087900000, 0x0000000087a00000, 0x0000000087a00000|100%| O|  |TAMS 0x0000000087a00000, 0x0000000087900000| Untracked 
| 122|0x0000000087a00000, 0x0000000087b00000, 0x0000000087b00000|100%| O|  |TAMS 0x0000000087b00000, 0x0000000087a00000| Untracked 
| 123|0x0000000087b00000, 0x0000000087c00000, 0x0000000087c00000|100%| O|  |TAMS 0x0000000087c00000, 0x0000000087b00000| Untracked 
| 124|0x0000000087c00000, 0x0000000087d00000, 0x0000000087d00000|100%| O|  |TAMS 0x0000000087d00000, 0x0000000087c00000| Untracked 
| 125|0x0000000087d00000, 0x0000000087e00000, 0x0000000087e00000|100%| O|  |TAMS 0x0000000087e00000, 0x0000000087d00000| Untracked 
| 126|0x0000000087e00000, 0x0000000087f00000, 0x0000000087f00000|100%| O|  |TAMS 0x0000000087f00000, 0x0000000087e00000| Untracked 
| 127|0x0000000087f00000, 0x0000000088000000, 0x0000000088000000|100%|HS|  |TAMS 0x0000000088000000, 0x0000000087f00000| Complete 
| 128|0x0000000088000000, 0x0000000088100000, 0x0000000088100000|100%|HC|  |TAMS 0x0000000088100000, 0x0000000088000000| Complete 
| 129|0x0000000088100000, 0x0000000088200000, 0x0000000088200000|100%|HS|  |TAMS 0x0000000088200000, 0x0000000088100000| Complete 
| 130|0x0000000088200000, 0x0000000088300000, 0x0000000088300000|100%| O|  |TAMS 0x0000000088300000, 0x0000000088200000| Untracked 
| 131|0x0000000088300000, 0x0000000088400000, 0x0000000088400000|100%| O|  |TAMS 0x0000000088400000, 0x0000000088300000| Untracked 
| 132|0x0000000088400000, 0x0000000088500000, 0x0000000088500000|100%| O|  |TAMS 0x0000000088500000, 0x0000000088400000| Untracked 
| 133|0x0000000088500000, 0x0000000088600000, 0x0000000088600000|100%| O|  |TAMS 0x0000000088600000, 0x0000000088500000| Untracked 
| 134|0x0000000088600000, 0x000000008864a600, 0x0000000088700000| 29%| O|  |TAMS 0x000000008864a600, 0x0000000088600000| Untracked 
| 135|0x0000000088700000, 0x0000000088800000, 0x0000000088800000|100%|HS|  |TAMS 0x0000000088700000, 0x0000000088700000| Complete 
| 136|0x0000000088800000, 0x0000000088900000, 0x0000000088900000|100%|HC|  |TAMS 0x0000000088800000, 0x0000000088800000| Complete 
| 137|0x0000000088900000, 0x0000000088a00000, 0x0000000088a00000|100%|HC|  |TAMS 0x0000000088900000, 0x0000000088900000| Complete 
| 138|0x0000000088a00000, 0x0000000088b00000, 0x0000000088b00000|100%|HC|  |TAMS 0x0000000088a00000, 0x0000000088a00000| Complete 
| 139|0x0000000088b00000, 0x0000000088b00000, 0x0000000088c00000|  0%| F|  |TAMS 0x0000000088b00000, 0x0000000088b00000| Untracked 
| 140|0x0000000088c00000, 0x0000000088c00000, 0x0000000088d00000|  0%| F|  |TAMS 0x0000000088c00000, 0x0000000088c00000| Untracked 
| 141|0x0000000088d00000, 0x0000000088d00000, 0x0000000088e00000|  0%| F|  |TAMS 0x0000000088d00000, 0x0000000088d00000| Untracked 
| 142|0x0000000088e00000, 0x0000000088e00000, 0x0000000088f00000|  0%| F|  |TAMS 0x0000000088e00000, 0x0000000088e00000| Untracked 
| 143|0x0000000088f00000, 0x0000000088f00000, 0x0000000089000000|  0%| F|  |TAMS 0x0000000088f00000, 0x0000000088f00000| Untracked 
| 144|0x0000000089000000, 0x0000000089000000, 0x0000000089100000|  0%| F|  |TAMS 0x0000000089000000, 0x0000000089000000| Untracked 
| 145|0x0000000089100000, 0x0000000089100000, 0x0000000089200000|  0%| F|  |TAMS 0x0000000089100000, 0x0000000089100000| Untracked 
| 146|0x0000000089200000, 0x0000000089200000, 0x0000000089300000|  0%| F|  |TAMS 0x0000000089200000, 0x0000000089200000| Untracked 
| 147|0x0000000089300000, 0x0000000089300000, 0x0000000089400000|  0%| F|  |TAMS 0x0000000089300000, 0x0000000089300000| Untracked 
| 148|0x0000000089400000, 0x0000000089400000, 0x0000000089500000|  0%| F|  |TAMS 0x0000000089400000, 0x0000000089400000| Untracked 
| 149|0x0000000089500000, 0x0000000089500000, 0x0000000089600000|  0%| F|  |TAMS 0x0000000089500000, 0x0000000089500000| Untracked 
| 150|0x0000000089600000, 0x0000000089600000, 0x0000000089700000|  0%| F|  |TAMS 0x0000000089600000, 0x0000000089600000| Untracked 
| 151|0x0000000089700000, 0x0000000089700000, 0x0000000089800000|  0%| F|  |TAMS 0x0000000089700000, 0x0000000089700000| Untracked 
| 152|0x0000000089800000, 0x0000000089800000, 0x0000000089900000|  0%| F|  |TAMS 0x0000000089800000, 0x0000000089800000| Untracked 
| 153|0x0000000089900000, 0x0000000089900000, 0x0000000089a00000|  0%| F|  |TAMS 0x0000000089900000, 0x0000000089900000| Untracked 
| 154|0x0000000089a00000, 0x0000000089a00000, 0x0000000089b00000|  0%| F|  |TAMS 0x0000000089a00000, 0x0000000089a00000| Untracked 
| 155|0x0000000089b00000, 0x0000000089b00000, 0x0000000089c00000|  0%| F|  |TAMS 0x0000000089b00000, 0x0000000089b00000| Untracked 
| 156|0x0000000089c00000, 0x0000000089c00000, 0x0000000089d00000|  0%| F|  |TAMS 0x0000000089c00000, 0x0000000089c00000| Untracked 
| 157|0x0000000089d00000, 0x0000000089d00000, 0x0000000089e00000|  0%| F|  |TAMS 0x0000000089d00000, 0x0000000089d00000| Untracked 
| 158|0x0000000089e00000, 0x0000000089e00000, 0x0000000089f00000|  0%| F|  |TAMS 0x0000000089e00000, 0x0000000089e00000| Untracked 
| 159|0x0000000089f00000, 0x0000000089f00000, 0x000000008a000000|  0%| F|  |TAMS 0x0000000089f00000, 0x0000000089f00000| Untracked 
| 160|0x000000008a000000, 0x000000008a000000, 0x000000008a100000|  0%| F|  |TAMS 0x000000008a000000, 0x000000008a000000| Untracked 
| 161|0x000000008a100000, 0x000000008a100000, 0x000000008a200000|  0%| F|  |TAMS 0x000000008a100000, 0x000000008a100000| Untracked 
| 162|0x000000008a200000, 0x000000008a200000, 0x000000008a300000|  0%| F|  |TAMS 0x000000008a200000, 0x000000008a200000| Untracked 
| 163|0x000000008a300000, 0x000000008a300000, 0x000000008a400000|  0%| F|  |TAMS 0x000000008a300000, 0x000000008a300000| Untracked 
| 164|0x000000008a400000, 0x000000008a400000, 0x000000008a500000|  0%| F|  |TAMS 0x000000008a400000, 0x000000008a400000| Untracked 
| 165|0x000000008a500000, 0x000000008a500000, 0x000000008a600000|  0%| F|  |TAMS 0x000000008a500000, 0x000000008a500000| Untracked 
| 166|0x000000008a600000, 0x000000008a600000, 0x000000008a700000|  0%| F|  |TAMS 0x000000008a600000, 0x000000008a600000| Untracked 
| 167|0x000000008a700000, 0x000000008a700000, 0x000000008a800000|  0%| F|  |TAMS 0x000000008a700000, 0x000000008a700000| Untracked 
| 168|0x000000008a800000, 0x000000008a800000, 0x000000008a900000|  0%| F|  |TAMS 0x000000008a800000, 0x000000008a800000| Untracked 
| 169|0x000000008a900000, 0x000000008a900000, 0x000000008aa00000|  0%| F|  |TAMS 0x000000008a900000, 0x000000008a900000| Untracked 
| 170|0x000000008aa00000, 0x000000008aa00000, 0x000000008ab00000|  0%| F|  |TAMS 0x000000008aa00000, 0x000000008aa00000| Untracked 
| 171|0x000000008ab00000, 0x000000008ab00000, 0x000000008ac00000|  0%| F|  |TAMS 0x000000008ab00000, 0x000000008ab00000| Untracked 
| 172|0x000000008ac00000, 0x000000008ac00000, 0x000000008ad00000|  0%| F|  |TAMS 0x000000008ac00000, 0x000000008ac00000| Untracked 
| 173|0x000000008ad00000, 0x000000008ad00000, 0x000000008ae00000|  0%| F|  |TAMS 0x000000008ad00000, 0x000000008ad00000| Untracked 
| 174|0x000000008ae00000, 0x000000008ae00000, 0x000000008af00000|  0%| F|  |TAMS 0x000000008ae00000, 0x000000008ae00000| Untracked 
| 175|0x000000008af00000, 0x000000008af00000, 0x000000008b000000|  0%| F|  |TAMS 0x000000008af00000, 0x000000008af00000| Untracked 
| 176|0x000000008b000000, 0x000000008b000000, 0x000000008b100000|  0%| F|  |TAMS 0x000000008b000000, 0x000000008b000000| Untracked 
| 177|0x000000008b100000, 0x000000008b100000, 0x000000008b200000|  0%| F|  |TAMS 0x000000008b100000, 0x000000008b100000| Untracked 
| 178|0x000000008b200000, 0x000000008b200000, 0x000000008b300000|  0%| F|  |TAMS 0x000000008b200000, 0x000000008b200000| Untracked 
| 179|0x000000008b300000, 0x000000008b300000, 0x000000008b400000|  0%| F|  |TAMS 0x000000008b300000, 0x000000008b300000| Untracked 
| 180|0x000000008b400000, 0x000000008b400000, 0x000000008b500000|  0%| F|  |TAMS 0x000000008b400000, 0x000000008b400000| Untracked 
| 181|0x000000008b500000, 0x000000008b500000, 0x000000008b600000|  0%| F|  |TAMS 0x000000008b500000, 0x000000008b500000| Untracked 
| 182|0x000000008b600000, 0x000000008b600000, 0x000000008b700000|  0%| F|  |TAMS 0x000000008b600000, 0x000000008b600000| Untracked 
| 183|0x000000008b700000, 0x000000008b700000, 0x000000008b800000|  0%| F|  |TAMS 0x000000008b700000, 0x000000008b700000| Untracked 
| 184|0x000000008b800000, 0x000000008b800000, 0x000000008b900000|  0%| F|  |TAMS 0x000000008b800000, 0x000000008b800000| Untracked 
| 185|0x000000008b900000, 0x000000008b900000, 0x000000008ba00000|  0%| F|  |TAMS 0x000000008b900000, 0x000000008b900000| Untracked 
| 186|0x000000008ba00000, 0x000000008ba00000, 0x000000008bb00000|  0%| F|  |TAMS 0x000000008ba00000, 0x000000008ba00000| Untracked 
| 187|0x000000008bb00000, 0x000000008bb00000, 0x000000008bc00000|  0%| F|  |TAMS 0x000000008bb00000, 0x000000008bb00000| Untracked 
| 188|0x000000008bc00000, 0x000000008bc00000, 0x000000008bd00000|  0%| F|  |TAMS 0x000000008bc00000, 0x000000008bc00000| Untracked 
| 189|0x000000008bd00000, 0x000000008bd00000, 0x000000008be00000|  0%| F|  |TAMS 0x000000008bd00000, 0x000000008bd00000| Untracked 
| 190|0x000000008be00000, 0x000000008be00000, 0x000000008bf00000|  0%| F|  |TAMS 0x000000008be00000, 0x000000008be00000| Untracked 
| 191|0x000000008bf00000, 0x000000008bf00000, 0x000000008c000000|  0%| F|  |TAMS 0x000000008bf00000, 0x000000008bf00000| Untracked 
| 192|0x000000008c000000, 0x000000008c000000, 0x000000008c100000|  0%| F|  |TAMS 0x000000008c000000, 0x000000008c000000| Untracked 
| 193|0x000000008c100000, 0x000000008c100000, 0x000000008c200000|  0%| F|  |TAMS 0x000000008c100000, 0x000000008c100000| Untracked 
| 194|0x000000008c200000, 0x000000008c200000, 0x000000008c300000|  0%| F|  |TAMS 0x000000008c200000, 0x000000008c200000| Untracked 
| 195|0x000000008c300000, 0x000000008c300000, 0x000000008c400000|  0%| F|  |TAMS 0x000000008c300000, 0x000000008c300000| Untracked 
| 196|0x000000008c400000, 0x000000008c400000, 0x000000008c500000|  0%| F|  |TAMS 0x000000008c400000, 0x000000008c400000| Untracked 
| 197|0x000000008c500000, 0x000000008c500000, 0x000000008c600000|  0%| F|  |TAMS 0x000000008c500000, 0x000000008c500000| Untracked 
| 198|0x000000008c600000, 0x000000008c600000, 0x000000008c700000|  0%| F|  |TAMS 0x000000008c600000, 0x000000008c600000| Untracked 
| 199|0x000000008c700000, 0x000000008c700000, 0x000000008c800000|  0%| F|  |TAMS 0x000000008c700000, 0x000000008c700000| Untracked 
| 200|0x000000008c800000, 0x000000008c800000, 0x000000008c900000|  0%| F|  |TAMS 0x000000008c800000, 0x000000008c800000| Untracked 
| 201|0x000000008c900000, 0x000000008c900000, 0x000000008ca00000|  0%| F|  |TAMS 0x000000008c900000, 0x000000008c900000| Untracked 
| 202|0x000000008ca00000, 0x000000008ca00000, 0x000000008cb00000|  0%| F|  |TAMS 0x000000008ca00000, 0x000000008ca00000| Untracked 
| 203|0x000000008cb00000, 0x000000008cb00000, 0x000000008cc00000|  0%| F|  |TAMS 0x000000008cb00000, 0x000000008cb00000| Untracked 
| 204|0x000000008cc00000, 0x000000008cc00000, 0x000000008cd00000|  0%| F|  |TAMS 0x000000008cc00000, 0x000000008cc00000| Untracked 
| 205|0x000000008cd00000, 0x000000008cd00000, 0x000000008ce00000|  0%| F|  |TAMS 0x000000008cd00000, 0x000000008cd00000| Untracked 
| 206|0x000000008ce00000, 0x000000008ce00000, 0x000000008cf00000|  0%| F|  |TAMS 0x000000008ce00000, 0x000000008ce00000| Untracked 
| 207|0x000000008cf00000, 0x000000008cf00000, 0x000000008d000000|  0%| F|  |TAMS 0x000000008cf00000, 0x000000008cf00000| Untracked 
| 208|0x000000008d000000, 0x000000008d000000, 0x000000008d100000|  0%| F|  |TAMS 0x000000008d000000, 0x000000008d000000| Untracked 
| 209|0x000000008d100000, 0x000000008d100000, 0x000000008d200000|  0%| F|  |TAMS 0x000000008d100000, 0x000000008d100000| Untracked 
| 210|0x000000008d200000, 0x000000008d200000, 0x000000008d300000|  0%| F|  |TAMS 0x000000008d200000, 0x000000008d200000| Untracked 
| 211|0x000000008d300000, 0x000000008d380800, 0x000000008d400000| 50%| E|  |TAMS 0x000000008d300000, 0x000000008d300000| Complete 
| 212|0x000000008d400000, 0x000000008d500000, 0x000000008d500000|100%| E|CS|TAMS 0x000000008d400000, 0x000000008d400000| Complete 
| 213|0x000000008d500000, 0x000000008d600000, 0x000000008d600000|100%| E|CS|TAMS 0x000000008d500000, 0x000000008d500000| Complete 
| 214|0x000000008d600000, 0x000000008d700000, 0x000000008d700000|100%| E|CS|TAMS 0x000000008d600000, 0x000000008d600000| Complete 
| 215|0x000000008d700000, 0x000000008d800000, 0x000000008d800000|100%| E|CS|TAMS 0x000000008d700000, 0x000000008d700000| Complete 
| 216|0x000000008d800000, 0x000000008d900000, 0x000000008d900000|100%| E|CS|TAMS 0x000000008d800000, 0x000000008d800000| Complete 
| 217|0x000000008d900000, 0x000000008da00000, 0x000000008da00000|100%| E|CS|TAMS 0x000000008d900000, 0x000000008d900000| Complete 
| 218|0x000000008da00000, 0x000000008db00000, 0x000000008db00000|100%| E|CS|TAMS 0x000000008da00000, 0x000000008da00000| Complete 
| 219|0x000000008db00000, 0x000000008dc00000, 0x000000008dc00000|100%| E|CS|TAMS 0x000000008db00000, 0x000000008db00000| Complete 
| 220|0x000000008dc00000, 0x000000008dd00000, 0x000000008dd00000|100%| E|CS|TAMS 0x000000008dc00000, 0x000000008dc00000| Complete 
| 221|0x000000008dd00000, 0x000000008de00000, 0x000000008de00000|100%| E|CS|TAMS 0x000000008dd00000, 0x000000008dd00000| Complete 
| 222|0x000000008de00000, 0x000000008df00000, 0x000000008df00000|100%| E|CS|TAMS 0x000000008de00000, 0x000000008de00000| Complete 
| 223|0x000000008df00000, 0x000000008e000000, 0x000000008e000000|100%| E|CS|TAMS 0x000000008df00000, 0x000000008df00000| Complete 
| 224|0x000000008e000000, 0x000000008e100000, 0x000000008e100000|100%| E|CS|TAMS 0x000000008e000000, 0x000000008e000000| Complete 
| 225|0x000000008e100000, 0x000000008e200000, 0x000000008e200000|100%| E|CS|TAMS 0x000000008e100000, 0x000000008e100000| Complete 
| 226|0x000000008e200000, 0x000000008e300000, 0x000000008e300000|100%| E|CS|TAMS 0x000000008e200000, 0x000000008e200000| Complete 
| 227|0x000000008e300000, 0x000000008e400000, 0x000000008e400000|100%| E|CS|TAMS 0x000000008e300000, 0x000000008e300000| Complete 
| 228|0x000000008e400000, 0x000000008e500000, 0x000000008e500000|100%| E|CS|TAMS 0x000000008e400000, 0x000000008e400000| Complete 
| 229|0x000000008e500000, 0x000000008e600000, 0x000000008e600000|100%| E|CS|TAMS 0x000000008e500000, 0x000000008e500000| Complete 
| 230|0x000000008e600000, 0x000000008e700000, 0x000000008e700000|100%| E|CS|TAMS 0x000000008e600000, 0x000000008e600000| Complete 
| 231|0x000000008e700000, 0x000000008e800000, 0x000000008e800000|100%| E|CS|TAMS 0x000000008e700000, 0x000000008e700000| Complete 
| 232|0x000000008e800000, 0x000000008e900000, 0x000000008e900000|100%| E|CS|TAMS 0x000000008e800000, 0x000000008e800000| Complete 
| 233|0x000000008e900000, 0x000000008ea00000, 0x000000008ea00000|100%| E|CS|TAMS 0x000000008e900000, 0x000000008e900000| Complete 
| 234|0x000000008ea00000, 0x000000008eb00000, 0x000000008eb00000|100%| E|CS|TAMS 0x000000008ea00000, 0x000000008ea00000| Complete 
| 235|0x000000008eb00000, 0x000000008eb22b50, 0x000000008ec00000| 13%| S|CS|TAMS 0x000000008eb00000, 0x000000008eb00000| Complete 
| 236|0x000000008ec00000, 0x000000008ed00000, 0x000000008ed00000|100%| S|CS|TAMS 0x000000008ec00000, 0x000000008ec00000| Complete 
| 237|0x000000008ed00000, 0x000000008ee00000, 0x000000008ee00000|100%| S|CS|TAMS 0x000000008ed00000, 0x000000008ed00000| Complete 
| 238|0x000000008ee00000, 0x000000008ef00000, 0x000000008ef00000|100%| E|CS|TAMS 0x000000008ee00000, 0x000000008ee00000| Complete 
| 239|0x000000008ef00000, 0x000000008f000000, 0x000000008f000000|100%| E|CS|TAMS 0x000000008ef00000, 0x000000008ef00000| Complete 
| 240|0x000000008f000000, 0x000000008f100000, 0x000000008f100000|100%| E|CS|TAMS 0x000000008f000000, 0x000000008f000000| Complete 
| 241|0x000000008f100000, 0x000000008f200000, 0x000000008f200000|100%| E|CS|TAMS 0x000000008f100000, 0x000000008f100000| Complete 
| 242|0x000000008f200000, 0x000000008f300000, 0x000000008f300000|100%| E|CS|TAMS 0x000000008f200000, 0x000000008f200000| Complete 
| 243|0x000000008f300000, 0x000000008f400000, 0x000000008f400000|100%| E|CS|TAMS 0x000000008f300000, 0x000000008f300000| Complete 
| 244|0x000000008f400000, 0x000000008f500000, 0x000000008f500000|100%| E|CS|TAMS 0x000000008f400000, 0x000000008f400000| Complete 
| 245|0x000000008f500000, 0x000000008f600000, 0x000000008f600000|100%| E|CS|TAMS 0x000000008f500000, 0x000000008f500000| Complete 

Card table byte_map: [0x000001e67b000000,0x000001e67b400000] _byte_map_base: 0x000001e67ac00000

Marking Bits (Prev, Next): (CMBitMap*) 0x000001e6723bc240, (CMBitMap*) 0x000001e6723bc208
 Prev Bits: [0x000001e67d800000, 0x000001e67f800000)
 Next Bits: [0x000001e67b800000, 0x000001e67d800000)

Polling page: 0x000001e671aa0000

Metaspace:

Usage:
  Non-class:     87.03 MB capacity,    84.94 MB ( 98%) used,     1.78 MB (  2%) free+waste,   320.88 KB ( <1%) overhead. 
      Class:     14.33 MB capacity,    12.99 MB ( 91%) used,     1.20 MB (  8%) free+waste,   150.19 KB (  1%) overhead. 
       Both:    101.36 MB capacity,    97.93 MB ( 97%) used,     2.97 MB (  3%) free+waste,   471.06 KB ( <1%) overhead. 

Virtual space:
  Non-class space:       88.00 MB reserved,      87.21 MB (>99%) committed 
      Class space:      504.00 MB reserved,      14.38 MB (  3%) committed 
             Both:      592.00 MB reserved,     101.59 MB ( 17%) committed 

Chunk freelists:
   Non-Class:  7.63 KB
       Class:  1.25 KB
        Both:  8.88 KB

CodeHeap 'non-profiled nmethods': size=120000Kb used=7784Kb max_used=7784Kb free=112215Kb
 bounds [0x000001e607ad0000, 0x000001e608270000, 0x000001e60f000000]
CodeHeap 'profiled nmethods': size=120000Kb used=26330Kb max_used=26330Kb free=93669Kb
 bounds [0x000001e6005a0000, 0x000001e601f60000, 0x000001e607ad0000]
CodeHeap 'non-nmethods': size=5760Kb used=2311Kb max_used=2363Kb free=3448Kb
 bounds [0x000001e600000000, 0x000001e600270000, 0x000001e6005a0000]
 total_blobs=15579 nmethods=11446 adapters=835
 compilation: enabled
              stopped_count=0, restarted_count=0
 full_count=0

Compilation events (10 events):
Event: 45.137 Thread 0x000001e611dad000 nmethod 11697 0x000001e601f3d810 code [0x000001e601f3d9e0, 0x000001e601f3ddd8]
Event: 45.198 Thread 0x000001e611dad000 11698       3       org.gradle.internal.instantiation.generator.AsmBackedClassGenerator$ClassBuilderImpl$$Lambda$123/0x0000000100261c40::get$Lambda (9 bytes)
Event: 45.198 Thread 0x000001e611dad000 nmethod 11698 0x000001e601f3df90 code [0x000001e601f3e160, 0x000001e601f3e418]
Event: 45.198 Thread 0x000001e611dad000 11699       3       org.gradle.internal.instantiation.generator.AsmBackedClassGenerator$ClassBuilderImpl$$Lambda$123/0x0000000100261c40::emit (9 bytes)
Event: 45.198 Thread 0x000001e611dad000 nmethod 11699 0x000001e601f3e510 code [0x000001e601f3e6e0, 0x000001e601f3e950]
Event: 45.198 Thread 0x000001e611dad000 11700       3       org.gradle.internal.instantiation.generator.AsmBackedClassGenerator$ClassBuilderImpl::access$5600 (4 bytes)
Event: 45.198 Thread 0x000001e611dad000 nmethod 11700 0x000001e601f3ea90 code [0x000001e601f3ec40, 0x000001e601f3ed98]
Event: 45.199 Thread 0x000001e611dad000 11701       3       org.gradle.internal.instantiation.generator.AsmBackedClassGenerator$ClassBuilderImpl$$Lambda$124/0x0000000100262040::get$Lambda (9 bytes)
Event: 45.199 Thread 0x000001e611dad000 nmethod 11701 0x000001e601f3ee10 code [0x000001e601f3efe0, 0x000001e601f3f298]
Event: 45.199 Thread 0x000001e611dad000 11702       3       org.gradle.internal.instantiation.generator.AsmBackedClassGenerator$ClassBuilderImpl$$Lambda$124/0x0000000100262040::emit (9 bytes)

GC Heap History (10 events):
Event: 36.958 GC heap before
{Heap before GC invocations=15 (full 0):
 garbage-first heap   total 251904K, used 197245K [0x0000000080000000, 0x0000000100000000)
  region size 1024K, 115 young (117760K), 11 survivors (11264K)
 Metaspace       used 95790K, capacity 98797K, committed 98896K, reserved 602112K
  class space    used 12755K, capacity 14011K, committed 14080K, reserved 516096K
}
Event: 36.976 GC heap after
{Heap after GC invocations=16 (full 0):
 garbage-first heap   total 251904K, used 107043K [0x0000000080000000, 0x0000000100000000)
  region size 1024K, 15 young (15360K), 15 survivors (15360K)
 Metaspace       used 95790K, capacity 98797K, committed 98896K, reserved 602112K
  class space    used 12755K, capacity 14011K, committed 14080K, reserved 516096K
}
Event: 40.439 GC heap before
{Heap before GC invocations=16 (full 0):
 garbage-first heap   total 251904K, used 186915K [0x0000000080000000, 0x0000000100000000)
  region size 1024K, 84 young (86016K), 15 survivors (15360K)
 Metaspace       used 97361K, capacity 100717K, committed 100828K, reserved 604160K
  class space    used 12938K, capacity 14261K, committed 14336K, reserved 516096K
}
Event: 40.461 GC heap after
{Heap after GC invocations=17 (full 0):
 garbage-first heap   total 251904K, used 130215K [0x0000000080000000, 0x0000000100000000)
  region size 1024K, 13 young (13312K), 13 survivors (13312K)
 Metaspace       used 97361K, capacity 100717K, committed 100828K, reserved 604160K
  class space    used 12938K, capacity 14261K, committed 14336K, reserved 516096K
}
Event: 43.303 GC heap before
{Heap before GC invocations=18 (full 0):
 garbage-first heap   total 251904K, used 172199K [0x0000000080000000, 0x0000000100000000)
  region size 1024K, 56 young (57344K), 13 survivors (13312K)
 Metaspace       used 98426K, capacity 101912K, committed 101980K, reserved 604160K
  class space    used 13076K, capacity 14440K, committed 14464K, reserved 516096K
}
Event: 43.318 GC heap after
{Heap after GC invocations=19 (full 0):
 garbage-first heap   total 251904K, used 135168K [0x0000000080000000, 0x0000000100000000)
  region size 1024K, 5 young (5120K), 5 survivors (5120K)
 Metaspace       used 98426K, capacity 101912K, committed 101980K, reserved 604160K
  class space    used 13076K, capacity 14440K, committed 14464K, reserved 516096K
}
Event: 43.621 GC heap before
{Heap before GC invocations=20 (full 0):
 garbage-first heap   total 251904K, used 137216K [0x0000000080000000, 0x0000000100000000)
  region size 1024K, 6 young (6144K), 5 survivors (5120K)
 Metaspace       used 98426K, capacity 101912K, committed 101980K, reserved 604160K
  class space    used 13076K, capacity 14440K, committed 14464K, reserved 516096K
}
Event: 43.630 GC heap after
{Heap after GC invocations=21 (full 0):
 garbage-first heap   total 251904K, used 138111K [0x0000000080000000, 0x0000000100000000)
  region size 1024K, 6 young (6144K), 6 survivors (6144K)
 Metaspace       used 98426K, capacity 101912K, committed 101980K, reserved 604160K
  class space    used 13076K, capacity 14440K, committed 14464K, reserved 516096K
}
Event: 43.830 GC heap before
{Heap before GC invocations=22 (full 0):
 garbage-first heap   total 251904K, used 140159K [0x0000000080000000, 0x0000000100000000)
  region size 1024K, 8 young (8192K), 6 survivors (6144K)
 Metaspace       used 98426K, capacity 101912K, committed 101980K, reserved 604160K
  class space    used 13076K, capacity 14440K, committed 14464K, reserved 516096K
}
Event: 43.845 GC heap after
{Heap after GC invocations=23 (full 0):
 garbage-first heap   total 251904K, used 139700K [0x0000000080000000, 0x0000000100000000)
  region size 1024K, 3 young (3072K), 3 survivors (3072K)
 Metaspace       used 98426K, capacity 101912K, committed 101980K, reserved 604160K
  class space    used 13076K, capacity 14440K, committed 14464K, reserved 516096K
}

Deoptimization events (10 events):
Event: 38.852 Thread 0x000001e613322800 Uncommon trap: reason=unstable_if action=reinterpret pc=0x000001e607b38150 method=java.util.jar.JarFile.match([B[B[B[B)I @ 52 c2
Event: 38.856 Thread 0x000001e613322800 Uncommon trap: reason=unstable_if action=reinterpret pc=0x000001e607b457c0 method=java.util.jar.JarFile.match([B[B[B[B)I @ 52 c2
Event: 38.859 Thread 0x000001e613322800 Uncommon trap: reason=class_check action=maybe_recompile pc=0x000001e6081fe620 method=jdk.internal.misc.Unsafe.allocateUninitializedArray(Ljava/lang/Class;I)Ljava/lang/Object; @ 48 c2
Event: 38.877 Thread 0x000001e613322800 Uncommon trap: reason=class_check action=maybe_recompile pc=0x000001e6081fe620 method=jdk.internal.misc.Unsafe.allocateUninitializedArray(Ljava/lang/Class;I)Ljava/lang/Object; @ 48 c2
Event: 39.784 Thread 0x000001e613322800 Uncommon trap: reason=unstable_if action=reinterpret pc=0x000001e607bbe04c method=java.lang.Integer.stringSize(I)I @ 19 c2
Event: 42.510 Thread 0x000001e613322800 Uncommon trap: reason=class_check action=maybe_recompile pc=0x000001e60818ead8 method=org.gradle.internal.component.model.AttributeConfigurationSelector.isShadowedCapabilityOnly(Lorg/gradle/api/capabilities/CapabilitiesMetadata;)Z @ 1 c2
Event: 42.510 Thread 0x000001e613322800 Uncommon trap: reason=class_check action=maybe_recompile pc=0x000001e60818ead8 method=org.gradle.internal.component.model.AttributeConfigurationSelector.isShadowedCapabilityOnly(Lorg/gradle/api/capabilities/CapabilitiesMetadata;)Z @ 1 c2
Event: 42.510 Thread 0x000001e613322800 Uncommon trap: reason=class_check action=maybe_recompile pc=0x000001e60818ead8 method=org.gradle.internal.component.model.AttributeConfigurationSelector.isShadowedCapabilityOnly(Lorg/gradle/api/capabilities/CapabilitiesMetadata;)Z @ 1 c2
Event: 42.510 Thread 0x000001e613322800 Uncommon trap: reason=class_check action=maybe_recompile pc=0x000001e60818ead8 method=org.gradle.internal.component.model.AttributeConfigurationSelector.isShadowedCapabilityOnly(Lorg/gradle/api/capabilities/CapabilitiesMetadata;)Z @ 1 c2
Event: 42.919 Thread 0x000001e613322800 Uncommon trap: reason=bimorphic_or_optimized_type_check action=maybe_recompile pc=0x000001e607b20128 method=java.util.HashMap.putVal(ILjava/lang/Object;Ljava/lang/Object;ZZ)Ljava/lang/Object; @ 203 c2

Classes redefined (0 events):
No events

Internal exceptions (10 events):
Event: 44.090 Thread 0x000001e613322800 Exception <a 'java/security/PrivilegedActionException'{0x000000008f3a8a90}> (0x000000008f3a8a90) thrown at [t:/workspace/open/src/hotspot/share/prims/jvm.cpp, line 1307]
Event: 44.090 Thread 0x000001e613322800 Exception <a 'java/security/PrivilegedActionException'{0x000000008f3a9d50}> (0x000000008f3a9d50) thrown at [t:/workspace/open/src/hotspot/share/prims/jvm.cpp, line 1307]
Event: 44.090 Thread 0x000001e613322800 Exception <a 'java/security/PrivilegedActionException'{0x000000008f3ac9f8}> (0x000000008f3ac9f8) thrown at [t:/workspace/open/src/hotspot/share/prims/jvm.cpp, line 1307]
Event: 44.090 Thread 0x000001e613322800 Exception <a 'java/security/PrivilegedActionException'{0x000000008f3adcb8}> (0x000000008f3adcb8) thrown at [t:/workspace/open/src/hotspot/share/prims/jvm.cpp, line 1307]
Event: 44.090 Thread 0x000001e613322800 Exception <a 'java/security/PrivilegedActionException'{0x000000008f3b08b8}> (0x000000008f3b08b8) thrown at [t:/workspace/open/src/hotspot/share/prims/jvm.cpp, line 1307]
Event: 44.090 Thread 0x000001e613322800 Exception <a 'java/security/PrivilegedActionException'{0x000000008f3b1b78}> (0x000000008f3b1b78) thrown at [t:/workspace/open/src/hotspot/share/prims/jvm.cpp, line 1307]
Event: 44.090 Thread 0x000001e613322800 Exception <a 'java/security/PrivilegedActionException'{0x000000008f3b47c8}> (0x000000008f3b47c8) thrown at [t:/workspace/open/src/hotspot/share/prims/jvm.cpp, line 1307]
Event: 44.090 Thread 0x000001e613322800 Exception <a 'java/security/PrivilegedActionException'{0x000000008f3b5a88}> (0x000000008f3b5a88) thrown at [t:/workspace/open/src/hotspot/share/prims/jvm.cpp, line 1307]
Event: 44.090 Thread 0x000001e613322800 Exception <a 'java/security/PrivilegedActionException'{0x000000008f3b8730}> (0x000000008f3b8730) thrown at [t:/workspace/open/src/hotspot/share/prims/jvm.cpp, line 1307]
Event: 44.090 Thread 0x000001e613322800 Exception <a 'java/security/PrivilegedActionException'{0x000000008f3b99f0}> (0x000000008f3b99f0) thrown at [t:/workspace/open/src/hotspot/share/prims/jvm.cpp, line 1307]

Events (10 events):
Event: 45.175 loading class org/jetbrains/kotlin/gradle/plugin/sources/AbstractKotlinSourceSet
Event: 45.175 loading class org/jetbrains/kotlin/gradle/plugin/sources/AbstractKotlinSourceSet done
Event: 45.179 loading class org/jetbrains/kotlin/gradle/plugin/sources/InternalKotlinSourceSet
Event: 45.179 loading class org/jetbrains/kotlin/gradle/plugin/sources/InternalKotlinSourceSet done
Event: 45.183 loading class org/jetbrains/kotlin/gradle/utils/ObservableSet
Event: 45.183 loading class org/jetbrains/kotlin/gradle/utils/ObservableSet done
Event: 45.184 loading class org/jetbrains/kotlin/gradle/utils/MutableObservableSetImpl
Event: 45.184 loading class org/jetbrains/kotlin/gradle/utils/MutableObservableSetImpl done
Event: 45.185 loading class org/jetbrains/kotlin/gradle/utils/MutableObservableSet
Event: 45.185 loading class org/jetbrains/kotlin/gradle/utils/MutableObservableSet done


Dynamic libraries:
0x00007ff7f8cc0000 - 0x00007ff7f8d05000 	C:\Users\USER\AppData\Local\jdk-11.0.2\bin\java.exe
0x00007ffcc8d10000 - 0x00007ffcc8f08000 	C:\Windows\SYSTEM32\ntdll.dll
0x00007ffcc7960000 - 0x00007ffcc7a1d000 	C:\Windows\System32\KERNEL32.DLL
0x00007ffcc6520000 - 0x00007ffcc6816000 	C:\Windows\System32\KERNELBASE.dll
0x00007ffcc81f0000 - 0x00007ffcc838e000 	C:\Windows\System32\USER32.dll
0x00007ffcc6b50000 - 0x00007ffcc6b72000 	C:\Windows\System32\win32u.dll
0x00007ffcc7a30000 - 0x00007ffcc7a5c000 	C:\Windows\System32\GDI32.dll
0x00007ffcc68d0000 - 0x00007ffcc69ea000 	C:\Windows\System32\gdi32full.dll
0x00007ffcc63f0000 - 0x00007ffcc648d000 	C:\Windows\System32\msvcp_win.dll
0x00007ffcc6bb0000 - 0x00007ffcc6cb0000 	C:\Windows\System32\ucrtbase.dll
0x00007ffcbd0e0000 - 0x00007ffcbd37a000 	C:\Windows\WinSxS\amd64_microsoft.windows.common-controls_6595b64144ccf1df_6.0.19041.3636_none_60b6a03d71f818d5\COMCTL32.dll
0x00007ffcc6db0000 - 0x00007ffcc6e4e000 	C:\Windows\System32\msvcrt.dll
0x00007ffcc6d70000 - 0x00007ffcc6da0000 	C:\Windows\System32\IMM32.DLL
0x00007ffcb51e0000 - 0x00007ffcb51f6000 	C:\Users\USER\AppData\Local\jdk-11.0.2\bin\vcruntime140.dll
0x00007ffc83230000 - 0x00007ffc832da000 	C:\Users\USER\AppData\Local\jdk-11.0.2\bin\msvcp140.dll
0x00007ffc1c580000 - 0x00007ffc1d0a3000 	C:\Users\USER\AppData\Local\jdk-11.0.2\bin\server\jvm.dll
0x00007ffcc84c0000 - 0x00007ffcc856f000 	C:\Windows\System32\ADVAPI32.dll
0x00007ffcc7030000 - 0x00007ffcc70cc000 	C:\Windows\System32\sechost.dll
0x00007ffcc6f00000 - 0x00007ffcc7026000 	C:\Windows\System32\RPCRT4.dll
0x00007ffcc7a20000 - 0x00007ffcc7a28000 	C:\Windows\System32\PSAPI.DLL
0x00007ffcbcca0000 - 0x00007ffcbccaa000 	C:\Windows\SYSTEM32\VERSION.dll
0x00007ffcbc300000 - 0x00007ffcbc327000 	C:\Windows\SYSTEM32\WINMM.dll
0x00007ffc63150000 - 0x00007ffc63159000 	C:\Windows\SYSTEM32\WSOCK32.dll
0x00007ffcc8180000 - 0x00007ffcc81eb000 	C:\Windows\System32\WS2_32.dll
0x00007ffcc4290000 - 0x00007ffcc42a2000 	C:\Windows\SYSTEM32\kernel.appcore.dll
0x00007ffcb51c0000 - 0x00007ffcb51d1000 	C:\Users\USER\AppData\Local\jdk-11.0.2\bin\verify.dll
0x00007ffcbe530000 - 0x00007ffcbe714000 	C:\Windows\SYSTEM32\DBGHELP.DLL
0x00007ffcbc390000 - 0x00007ffcbc3c4000 	C:\Windows\SYSTEM32\dbgcore.DLL
0x00007ffcc6490000 - 0x00007ffcc6512000 	C:\Windows\System32\bcryptPrimitives.dll
0x00007ffc9cdd0000 - 0x00007ffc9cdf8000 	C:\Users\USER\AppData\Local\jdk-11.0.2\bin\java.dll
0x00007ffca25e0000 - 0x00007ffca25f6000 	C:\Users\USER\AppData\Local\jdk-11.0.2\bin\zip.dll
0x00007ffcb4e60000 - 0x00007ffcb4e6a000 	C:\Users\USER\AppData\Local\jdk-11.0.2\bin\jimage.dll
0x00007ffcc7160000 - 0x00007ffcc78a4000 	C:\Windows\System32\SHELL32.dll
0x00007ffcc44b0000 - 0x00007ffcc4c4b000 	C:\Windows\SYSTEM32\windows.storage.dll
0x00007ffcc7b40000 - 0x00007ffcc7e94000 	C:\Windows\System32\combase.dll
0x00007ffcc5e30000 - 0x00007ffcc5e5d000 	C:\Windows\SYSTEM32\Wldp.dll
0x00007ffcc78b0000 - 0x00007ffcc795d000 	C:\Windows\System32\SHCORE.dll
0x00007ffcc8570000 - 0x00007ffcc85c5000 	C:\Windows\System32\shlwapi.dll
0x00007ffcc6320000 - 0x00007ffcc6345000 	C:\Windows\SYSTEM32\profapi.dll
0x00007ffca0130000 - 0x00007ffca0149000 	C:\Users\USER\AppData\Local\jdk-11.0.2\bin\net.dll
0x00007ffcb69c0000 - 0x00007ffcb6bad000 	C:\Windows\SYSTEM32\urlmon.dll
0x00007ffcc1850000 - 0x00007ffcc195a000 	C:\Windows\SYSTEM32\WINHTTP.dll
0x00007ffcb6cf0000 - 0x00007ffcb6fac000 	C:\Windows\SYSTEM32\iertutil.dll
0x00007ffcbb980000 - 0x00007ffcbb9a8000 	C:\Windows\SYSTEM32\srvcli.dll
0x00007ffcc5920000 - 0x00007ffcc592c000 	C:\Windows\SYSTEM32\netutils.dll
0x00007ffcc5b40000 - 0x00007ffcc5baa000 	C:\Windows\system32\mswsock.dll
0x00007ffc9fef0000 - 0x00007ffc9ff03000 	C:\Users\USER\AppData\Local\jdk-11.0.2\bin\nio.dll
0x00007ffc9d070000 - 0x00007ffc9d097000 	C:\Users\USER\.gradle\native\68d5fa5c4cc2d200863cafc0d521ce42e7d3e7ee720ec0a83991735586a16f82\windows-amd64\native-platform.dll
0x00007ffc81d50000 - 0x00007ffc81e94000 	C:\Users\USER\.gradle\native\e376f236ea51e6404a007f0833ffe2c6e607c4080706a723a18a27aeea778392\windows-amd64\native-platform-file-events.dll
0x00007ffcb3f20000 - 0x00007ffcb3f29000 	C:\Users\USER\AppData\Local\jdk-11.0.2\bin\management.dll
0x00007ffcb30f0000 - 0x00007ffcb30fc000 	C:\Users\USER\AppData\Local\jdk-11.0.2\bin\management_ext.dll
0x00007ffcc5d80000 - 0x00007ffcc5d98000 	C:\Windows\SYSTEM32\CRYPTSP.dll
0x00007ffcc5450000 - 0x00007ffcc5484000 	C:\Windows\system32\rsaenh.dll
0x00007ffcc6b80000 - 0x00007ffcc6ba7000 	C:\Windows\System32\bcrypt.dll
0x00007ffcc62e0000 - 0x00007ffcc630e000 	C:\Windows\SYSTEM32\USERENV.dll
0x00007ffcc5da0000 - 0x00007ffcc5dac000 	C:\Windows\SYSTEM32\CRYPTBASE.dll
0x00007ffcc5810000 - 0x00007ffcc584b000 	C:\Windows\SYSTEM32\IPHLPAPI.DLL
0x00007ffcc8cc0000 - 0x00007ffcc8cc8000 	C:\Windows\System32\NSI.dll
0x00007ffcbfb20000 - 0x00007ffcbfb37000 	C:\Windows\SYSTEM32\dhcpcsvc6.DLL
0x00007ffcbfb80000 - 0x00007ffcbfb9d000 	C:\Windows\SYSTEM32\dhcpcsvc.DLL
0x00007ffcc5850000 - 0x00007ffcc591a000 	C:\Windows\SYSTEM32\DNSAPI.dll

dbghelp: loaded successfully - version: 4.0.5 - missing functions: none
symbol engine: initialized successfully - sym options: 0x614 - pdb path: .;C:\Users\USER\AppData\Local\jdk-11.0.2\bin;C:\Windows\SYSTEM32;C:\Windows\WinSxS\amd64_microsoft.windows.common-controls_6595b64144ccf1df_6.0.19041.3636_none_60b6a03d71f818d5;C:\Users\USER\AppData\Local\jdk-11.0.2\bin\server;C:\Users\USER\.gradle\native\68d5fa5c4cc2d200863cafc0d521ce42e7d3e7ee720ec0a83991735586a16f82\windows-amd64;C:\Users\USER\.gradle\native\e376f236ea51e6404a007f0833ffe2c6e607c4080706a723a18a27aeea778392\windows-amd64

VM Arguments:
jvm_args: -XX:MaxMetaspaceSize=512m --add-opens=java.base/java.util=ALL-UNNAMED --add-opens=java.base/java.lang=ALL-UNNAMED --add-opens=java.base/java.lang.invoke=ALL-UNNAMED --add-opens=java.prefs/java.util.prefs=ALL-UNNAMED --add-opens=java.base/java.nio.charset=ALL-UNNAMED --add-opens=java.base/java.net=ALL-UNNAMED --add-opens=java.base/java.util.concurrent.atomic=ALL-UNNAMED -Xmx2048m -Dfile.encoding=x-windows-950 -Duser.country=TW -Duser.language=zh -Duser.variant 
java_command: org.gradle.launcher.daemon.bootstrap.GradleDaemon 8.0.1
java_class_path (initial): C:\Users\USER\.gradle\wrapper\dists\gradle-8.0.1-all\aro4hu1c3oeioove7l0i4i14o\gradle-8.0.1\lib\gradle-launcher-8.0.1.jar
Launcher Type: SUN_STANDARD

[Global flags]
     intx CICompilerCount                          = 4                                         {product} {ergonomic}
   size_t CompressedClassSpaceSize                 = 528482304                                 {product} {ergonomic}
     uint ConcGCThreads                            = 3                                         {product} {ergonomic}
     uint G1ConcRefinementThreads                  = 10                                        {product} {ergonomic}
   size_t G1HeapRegionSize                         = 1048576                                   {product} {ergonomic}
    uintx GCDrainStackTargetSize                   = 64                                        {product} {ergonomic}
   size_t InitialHeapSize                          = 257949696                                 {product} {ergonomic}
   size_t MarkStackSize                            = 4194304                                   {product} {ergonomic}
   size_t MaxHeapSize                              = 2147483648                                {product} {command line}
   size_t MaxMetaspaceSize                         = 536870912                                 {product} {command line}
   size_t MaxNewSize                               = 1287651328                                {product} {ergonomic}
   size_t MinHeapDeltaBytes                        = 1048576                                   {product} {ergonomic}
    uintx NonNMethodCodeHeapSize                   = 5835340                                {pd product} {ergonomic}
    uintx NonProfiledCodeHeapSize                  = 122911450                              {pd product} {ergonomic}
    uintx ProfiledCodeHeapSize                     = 122911450                              {pd product} {ergonomic}
    uintx ReservedCodeCacheSize                    = 251658240                              {pd product} {ergonomic}
     bool SegmentedCodeCache                       = true                                      {product} {ergonomic}
     bool UseCompressedClassPointers               = true                                 {lp64_product} {ergonomic}
     bool UseCompressedOops                        = true                                 {lp64_product} {ergonomic}
     bool UseG1GC                                  = true                                      {product} {ergonomic}
     bool UseLargePagesIndividualAllocation        = false                                  {pd product} {ergonomic}

Logging:
Log output configuration:
 #0: stdout all=warning uptime,level,tags
 #1: stderr all=off uptime,level,tags

Environment Variables:
JAVA_HOME=C:\Users\USER\AppData\Local\jdk-11.0.2
CLASSPATH=C:\Users\USER\Documents\GitHub\Cloud-Native-Project-Uber\ImUber\android\\gradle\wrapper\gradle-wrapper.jar
PATH=C:\Users\USER\Documents\GitHub\Cloud-Native-Project-Uber\ImUber\node_modules\.bin;C:\Users\USER\Documents\GitHub\Cloud-Native-Project-Uber\node_modules\.bin;C:\Users\USER\Documents\GitHub\node_modules\.bin;C:\Users\USER\Documents\node_modules\.bin;C:\Users\USER\node_modules\.bin;C:\Users\node_modules\.bin;C:\node_modules\.bin;C:\Users\USER\AppData\Roaming\npm\node_modules\npm\node_modules\@npmcli\run-script\lib\node-gyp-bin;C:\Users\USER\Documents\GitHub\Cloud-Native-Project-Uber\ImUber\node_modules\.bin;C:\Users\USER\Documents\GitHub\Cloud-Native-Project-Uber\node_modules\.bin;C:\Users\USER\Documents\GitHub\node_modules\.bin;C:\Users\USER\Documents\node_modules\.bin;C:\Users\USER\node_modules\.bin;C:\Users\node_modules\.bin;C:\node_modules\.bin;C:\Users\USER\AppData\Roaming\npm\node_modules\npm\node_modules\@npmcli\run-script\lib\node-gyp-bin;C:\Windows\system32;C:\Windows;C:\Windows\System32\Wbem;C:\Windows\System32\WindowsPowerShell\v1.0\;C:\Windows\System32\OpenSSH\;C:\Program Files (x86)\dotnet\;C:\Program Files\Git\cmd;C:\Program Files\dotnet\;C:\Program Files (x86)\Pulse Secure\VC142.CRT\X64\;C:\Program Files (x86)\Pulse Secure\VC142.CRT\X86\;C:\Program Files (x86)\Common Files\Pulse Secure\TNC Client Plugin\;C:\Users\USER\anaconda3\Scripts;C:\Users\USER\anaconda3;C:\Users\USER\anaconda3\Library\bin;C:\Program Files\PuTTY\;C:\Program Files\Azure Data Studio\bin;C:\Program Files (x86)\Microsoft SQL Server\160\DTS\Binn\;C:\Program Files (x86)\Microsoft SQL Server\160\Tools\Binn\;C:\Program Files\Microsoft SQL Server\160\Tools\Binn\;C:\Program Files\Microsoft SQL Server\Client SDK\ODBC\170\Tools\Binn\;C:\Program Files\Microsoft SQL Server\160\DTS\Binn\;C:\Program Files\swift\runtime-development\usr\bin;C:\Library\Developer\Toolchains\unknown-Asserts-development.xctoolchain\usr\bin;C:\Program Files\nodejs\;C:\Users\USER\AppData\Local\Android\Sdk\tools;C:\Users\USER\AppData\Local\jdk-11.0.2\bin;C:\Users\USER\AppData\Local\Microsoft\WindowsApps;C:\Users\USER\AppD
USERNAME=USER
OS=Windows_NT
PROCESSOR_IDENTIFIER=AMD64 Family 23 Model 104 Stepping 1, AuthenticAMD



---------------  S Y S T E M  ---------------

OS: Windows 10 , 64 bit Build 19041 (10.0.19041.3636)

CPU:total 12 (initial active 12) (12 cores per cpu, 2 threads per core) family 23 model 104 stepping 1, cmov, cx8, fxsr, mmx, sse, sse2, sse3, ssse3, sse4.1, sse4.2, popcnt, avx, avx2, aes, clmul, mmxext, 3dnowpref, lzcnt, sse4a, ht, tsc, tscinvbit, tscinv, bmi1, bmi2, adx, sha, fma

Memory: 4k page, system-wide physical 15720M (1560M free)
TotalPageFile size 30287M (AvailPageFile size 1279M)
current process WorkingSet (physical memory assigned to process): 534M, peak: 538M
current process commit charge ("private bytes"): 596M, peak: 598M

vm_info: OpenJDK 64-Bit Server VM (11.0.2+9) for windows-amd64 JRE (11.0.2+9), built on Jan 18 2019 05:23:22 by "mach5one" with MS VC++ 15.5 (VS2017)

END.
