#
# There is insufficient memory for the Java Runtime Environment to continue.
# Native memory allocation (malloc) failed to allocate 32744 bytes for ChunkPool::allocate
# Possible reasons:
#   The system is out of physical RAM or swap space
#   The process is running with CompressedOops enabled, and the Java Heap may be blocking the growth of the native heap
# Possible solutions:
#   Reduce memory load on the system
#   Increase physical memory or swap space
#   Check if swap backing store is full
#   Decrease Java heap size (-Xmx/-Xms)
#   Decrease number of Java threads
#   Decrease Java thread stack sizes (-Xss)
#   Set larger code cache with -XX:ReservedCodeCacheSize=
#   JVM is running with Unscaled Compressed Oops mode in which the Java heap is
#     placed in the first 4GB address space. The Java Heap base address is the
#     maximum limit for the native heap growth. Please use -XX:HeapBaseMinAddress
#     to set the Java Heap base and to place the Java Heap above 4GB virtual address.
# This output file may be truncated or incomplete.
#
#  Out of Memory Error (t:/workspace/open/src/hotspot/share/memory/arena.cpp:81), pid=29720, tid=30604
#
# JRE version: OpenJDK Runtime Environment (11.0.2+9) (build 11.0.2+9)
# Java VM: OpenJDK 64-Bit Server VM (11.0.2+9, mixed mode, tiered, compressed oops, g1 gc, windows-amd64)
# No core dump will be written. Minidumps are not enabled by default on client versions of Windows
#

---------------  S U M M A R Y ------------

Command Line: -Xmx64m -Xms64m -Dorg.gradle.appname=gradlew org.gradle.wrapper.GradleWrapperMain app:installDebug -PreactNativeDevServerPort=8081

Host: AMD Ryzen 5 5500U with Radeon Graphics         , 12 cores, 15G,  Windows 10 , 64 bit Build 19041 (10.0.19041.3636)
Time: Fri Nov 24 22:31:22 2023 台北標準時間 elapsed time: 6 seconds (0d 0h 0m 6s)

---------------  T H R E A D  ---------------

Current thread (0x0000021d9048c000):  JavaThread "C2 CompilerThread0" daemon [_thread_in_native, id=30604, stack(0x0000009623a00000,0x0000009623b00000)]


Current CompileTask:
C2:   6063  361       4       java.util.regex.Pattern::append (39 bytes)

Stack: [0x0000009623a00000,0x0000009623b00000]
Native frames: (J=compiled Java code, j=interpreted, Vv=VM code, C=native code)
V  [jvm.dll+0x63489a]
V  [jvm.dll+0x771f9f]
V  [jvm.dll+0x773648]
V  [jvm.dll+0x773d03]
V  [jvm.dll+0x25eba8]
V  [jvm.dll+0xc23bb]
V  [jvm.dll+0xc271c]
V  [jvm.dll+0x612963]
V  [jvm.dll+0x5c874c]
V  [jvm.dll+0x5c742e]
V  [jvm.dll+0x21886d]
V  [jvm.dll+0x217b6a]
V  [jvm.dll+0x194370]
V  [jvm.dll+0x226b3f]
V  [jvm.dll+0x225148]
V  [jvm.dll+0x73774d]
V  [jvm.dll+0x633942]
C  [ucrtbase.dll+0x21bb2]
C  [KERNEL32.DLL+0x17344]
C  [ntdll.dll+0x526b1]


---------------  P R O C E S S  ---------------

Threads class SMR info:
_java_thread_list=0x0000021d905f2f20, length=10, elements={
0x0000021df4d69000, 0x0000021d90416000, 0x0000021d90421000, 0x0000021d90489000,
0x0000021d9048b000, 0x0000021d9048c000, 0x0000021d904c0800, 0x0000021d904d9000,
0x0000021d90600800, 0x0000021d90602800
}

Java Threads: ( => current thread )
  0x0000021df4d69000 JavaThread "main" [_thread_in_vm, id=30224, stack(0x0000009622f00000,0x0000009623000000)]
  0x0000021d90416000 JavaThread "Reference Handler" daemon [_thread_blocked, id=27376, stack(0x0000009623600000,0x0000009623700000)]
  0x0000021d90421000 JavaThread "Finalizer" daemon [_thread_blocked, id=26432, stack(0x0000009623700000,0x0000009623800000)]
  0x0000021d90489000 JavaThread "Signal Dispatcher" daemon [_thread_blocked, id=2888, stack(0x0000009623800000,0x0000009623900000)]
  0x0000021d9048b000 JavaThread "Attach Listener" daemon [_thread_blocked, id=30148, stack(0x0000009623900000,0x0000009623a00000)]
=>0x0000021d9048c000 JavaThread "C2 CompilerThread0" daemon [_thread_in_native, id=30604, stack(0x0000009623a00000,0x0000009623b00000)]
  0x0000021d904c0800 JavaThread "C1 CompilerThread0" daemon [_thread_in_native, id=30572, stack(0x0000009623b00000,0x0000009623c00000)]
  0x0000021d904d9000 JavaThread "Sweeper thread" daemon [_thread_blocked, id=30616, stack(0x0000009623c00000,0x0000009623d00000)]
  0x0000021d90600800 JavaThread "Service Thread" daemon [_thread_blocked, id=22360, stack(0x0000009623d00000,0x0000009623e00000)]
  0x0000021d90602800 JavaThread "Common-Cleaner" daemon [_thread_blocked, id=30308, stack(0x0000009623f00000,0x0000009624000000)]

Other Threads:
  0x0000021d903f1800 VMThread "VM Thread" [stack: 0x0000009623500000,0x0000009623600000] [id=26312]
  0x0000021d90601800 WatcherThread [stack: 0x0000009623e00000,0x0000009623f00000] [id=25296]
  0x0000021df4d82000 GCTaskThread "GC Thread#0" [stack: 0x0000009623000000,0x0000009623100000] [id=29988]
  0x0000021df4d8a800 ConcurrentGCThread "G1 Main Marker" [stack: 0x0000009623100000,0x0000009623200000] [id=27320]
  0x0000021df4d8d800 ConcurrentGCThread "G1 Conc#0" [stack: 0x0000009623200000,0x0000009623300000] [id=14032]
  0x0000021df4dfc000 ConcurrentGCThread "G1 Refine#0" [stack: 0x0000009623300000,0x0000009623400000] [id=26316]
  0x0000021df4dff000 ConcurrentGCThread "G1 Young RemSet Sampling" [stack: 0x0000009623400000,0x0000009623500000] [id=27224]

Threads with active compile tasks:
C2 CompilerThread0 361       4       java.util.regex.Pattern::append (39 bytes)
C1 CompilerThread0 360       3       java.util.regex.Pattern::escape (1323 bytes)

VM state:not at safepoint (normal execution)

VM Mutex/Monitor currently owned by a thread: None

OutOfMemory and StackOverflow Exception counts:
OutOfMemoryError java_heap_errors=1
LinkageErrors=3

Heap address: 0x00000000fc000000, size: 64 MB, Compressed Oops mode: 32-bit
Narrow klass base: 0x0000000000000000, Narrow klass shift: 3
Compressed class space size: 1073741824 Address: 0x0000000100000000

Heap:
 garbage-first heap   total 65536K, used 6144K [0x00000000fc000000, 0x0000000100000000)
  region size 1024K, 7 young (7168K), 0 survivors (0K)
 Metaspace       used 7100K, capacity 7225K, committed 7424K, reserved 1056768K
  class space    used 635K, capacity 682K, committed 768K, reserved 1048576K
Heap Regions: E=young(eden), S=young(survivor), O=old, HS=humongous(starts), HC=humongous(continues), CS=collection set, F=free, A=archive, TAMS=top-at-mark-start (previous, next)
|   0|0x00000000fc000000, 0x00000000fc000000, 0x00000000fc100000|  0%| F|  |TAMS 0x00000000fc000000, 0x00000000fc000000| Untracked 
|   1|0x00000000fc100000, 0x00000000fc100000, 0x00000000fc200000|  0%| F|  |TAMS 0x00000000fc100000, 0x00000000fc100000| Untracked 
|   2|0x00000000fc200000, 0x00000000fc200000, 0x00000000fc300000|  0%| F|  |TAMS 0x00000000fc200000, 0x00000000fc200000| Untracked 
|   3|0x00000000fc300000, 0x00000000fc300000, 0x00000000fc400000|  0%| F|  |TAMS 0x00000000fc300000, 0x00000000fc300000| Untracked 
|   4|0x00000000fc400000, 0x00000000fc400000, 0x00000000fc500000|  0%| F|  |TAMS 0x00000000fc400000, 0x00000000fc400000| Untracked 
|   5|0x00000000fc500000, 0x00000000fc500000, 0x00000000fc600000|  0%| F|  |TAMS 0x00000000fc500000, 0x00000000fc500000| Untracked 
|   6|0x00000000fc600000, 0x00000000fc600000, 0x00000000fc700000|  0%| F|  |TAMS 0x00000000fc600000, 0x00000000fc600000| Untracked 
|   7|0x00000000fc700000, 0x00000000fc700000, 0x00000000fc800000|  0%| F|  |TAMS 0x00000000fc700000, 0x00000000fc700000| Untracked 
|   8|0x00000000fc800000, 0x00000000fc800000, 0x00000000fc900000|  0%| F|  |TAMS 0x00000000fc800000, 0x00000000fc800000| Untracked 
|   9|0x00000000fc900000, 0x00000000fc900000, 0x00000000fca00000|  0%| F|  |TAMS 0x00000000fc900000, 0x00000000fc900000| Untracked 
|  10|0x00000000fca00000, 0x00000000fca00000, 0x00000000fcb00000|  0%| F|  |TAMS 0x00000000fca00000, 0x00000000fca00000| Untracked 
|  11|0x00000000fcb00000, 0x00000000fcb00000, 0x00000000fcc00000|  0%| F|  |TAMS 0x00000000fcb00000, 0x00000000fcb00000| Untracked 
|  12|0x00000000fcc00000, 0x00000000fcc00000, 0x00000000fcd00000|  0%| F|  |TAMS 0x00000000fcc00000, 0x00000000fcc00000| Untracked 
|  13|0x00000000fcd00000, 0x00000000fcd00000, 0x00000000fce00000|  0%| F|  |TAMS 0x00000000fcd00000, 0x00000000fcd00000| Untracked 
|  14|0x00000000fce00000, 0x00000000fce00000, 0x00000000fcf00000|  0%| F|  |TAMS 0x00000000fce00000, 0x00000000fce00000| Untracked 
|  15|0x00000000fcf00000, 0x00000000fcf00000, 0x00000000fd000000|  0%| F|  |TAMS 0x00000000fcf00000, 0x00000000fcf00000| Untracked 
|  16|0x00000000fd000000, 0x00000000fd000000, 0x00000000fd100000|  0%| F|  |TAMS 0x00000000fd000000, 0x00000000fd000000| Untracked 
|  17|0x00000000fd100000, 0x00000000fd100000, 0x00000000fd200000|  0%| F|  |TAMS 0x00000000fd100000, 0x00000000fd100000| Untracked 
|  18|0x00000000fd200000, 0x00000000fd200000, 0x00000000fd300000|  0%| F|  |TAMS 0x00000000fd200000, 0x00000000fd200000| Untracked 
|  19|0x00000000fd300000, 0x00000000fd300000, 0x00000000fd400000|  0%| F|  |TAMS 0x00000000fd300000, 0x00000000fd300000| Untracked 
|  20|0x00000000fd400000, 0x00000000fd400000, 0x00000000fd500000|  0%| F|  |TAMS 0x00000000fd400000, 0x00000000fd400000| Untracked 
|  21|0x00000000fd500000, 0x00000000fd500000, 0x00000000fd600000|  0%| F|  |TAMS 0x00000000fd500000, 0x00000000fd500000| Untracked 
|  22|0x00000000fd600000, 0x00000000fd600000, 0x00000000fd700000|  0%| F|  |TAMS 0x00000000fd600000, 0x00000000fd600000| Untracked 
|  23|0x00000000fd700000, 0x00000000fd700000, 0x00000000fd800000|  0%| F|  |TAMS 0x00000000fd700000, 0x00000000fd700000| Untracked 
|  24|0x00000000fd800000, 0x00000000fd800000, 0x00000000fd900000|  0%| F|  |TAMS 0x00000000fd800000, 0x00000000fd800000| Untracked 
|  25|0x00000000fd900000, 0x00000000fd900000, 0x00000000fda00000|  0%| F|  |TAMS 0x00000000fd900000, 0x00000000fd900000| Untracked 
|  26|0x00000000fda00000, 0x00000000fda00000, 0x00000000fdb00000|  0%| F|  |TAMS 0x00000000fda00000, 0x00000000fda00000| Untracked 
|  27|0x00000000fdb00000, 0x00000000fdb00000, 0x00000000fdc00000|  0%| F|  |TAMS 0x00000000fdb00000, 0x00000000fdb00000| Untracked 
|  28|0x00000000fdc00000, 0x00000000fdc00000, 0x00000000fdd00000|  0%| F|  |TAMS 0x00000000fdc00000, 0x00000000fdc00000| Untracked 
|  29|0x00000000fdd00000, 0x00000000fdd00000, 0x00000000fde00000|  0%| F|  |TAMS 0x00000000fdd00000, 0x00000000fdd00000| Untracked 
|  30|0x00000000fde00000, 0x00000000fde00000, 0x00000000fdf00000|  0%| F|  |TAMS 0x00000000fde00000, 0x00000000fde00000| Untracked 
|  31|0x00000000fdf00000, 0x00000000fdf00000, 0x00000000fe000000|  0%| F|  |TAMS 0x00000000fdf00000, 0x00000000fdf00000| Untracked 
|  32|0x00000000fe000000, 0x00000000fe000000, 0x00000000fe100000|  0%| F|  |TAMS 0x00000000fe000000, 0x00000000fe000000| Untracked 
|  33|0x00000000fe100000, 0x00000000fe100000, 0x00000000fe200000|  0%| F|  |TAMS 0x00000000fe100000, 0x00000000fe100000| Untracked 
|  34|0x00000000fe200000, 0x00000000fe200000, 0x00000000fe300000|  0%| F|  |TAMS 0x00000000fe200000, 0x00000000fe200000| Untracked 
|  35|0x00000000fe300000, 0x00000000fe300000, 0x00000000fe400000|  0%| F|  |TAMS 0x00000000fe300000, 0x00000000fe300000| Untracked 
|  36|0x00000000fe400000, 0x00000000fe400000, 0x00000000fe500000|  0%| F|  |TAMS 0x00000000fe400000, 0x00000000fe400000| Untracked 
|  37|0x00000000fe500000, 0x00000000fe500000, 0x00000000fe600000|  0%| F|  |TAMS 0x00000000fe500000, 0x00000000fe500000| Untracked 
|  38|0x00000000fe600000, 0x00000000fe600000, 0x00000000fe700000|  0%| F|  |TAMS 0x00000000fe600000, 0x00000000fe600000| Untracked 
|  39|0x00000000fe700000, 0x00000000fe700000, 0x00000000fe800000|  0%| F|  |TAMS 0x00000000fe700000, 0x00000000fe700000| Untracked 
|  40|0x00000000fe800000, 0x00000000fe800000, 0x00000000fe900000|  0%| F|  |TAMS 0x00000000fe800000, 0x00000000fe800000| Untracked 
|  41|0x00000000fe900000, 0x00000000fe900000, 0x00000000fea00000|  0%| F|  |TAMS 0x00000000fe900000, 0x00000000fe900000| Untracked 
|  42|0x00000000fea00000, 0x00000000fea00000, 0x00000000feb00000|  0%| F|  |TAMS 0x00000000fea00000, 0x00000000fea00000| Untracked 
|  43|0x00000000feb00000, 0x00000000feb00000, 0x00000000fec00000|  0%| F|  |TAMS 0x00000000feb00000, 0x00000000feb00000| Untracked 
|  44|0x00000000fec00000, 0x00000000fec00000, 0x00000000fed00000|  0%| F|  |TAMS 0x00000000fec00000, 0x00000000fec00000| Untracked 
|  45|0x00000000fed00000, 0x00000000fed00000, 0x00000000fee00000|  0%| F|  |TAMS 0x00000000fed00000, 0x00000000fed00000| Untracked 
|  46|0x00000000fee00000, 0x00000000fee00000, 0x00000000fef00000|  0%| F|  |TAMS 0x00000000fee00000, 0x00000000fee00000| Untracked 
|  47|0x00000000fef00000, 0x00000000fef00000, 0x00000000ff000000|  0%| F|  |TAMS 0x00000000fef00000, 0x00000000fef00000| Untracked 
|  48|0x00000000ff000000, 0x00000000ff000000, 0x00000000ff100000|  0%| F|  |TAMS 0x00000000ff000000, 0x00000000ff000000| Untracked 
|  49|0x00000000ff100000, 0x00000000ff100000, 0x00000000ff200000|  0%| F|  |TAMS 0x00000000ff100000, 0x00000000ff100000| Untracked 
|  50|0x00000000ff200000, 0x00000000ff200000, 0x00000000ff300000|  0%| F|  |TAMS 0x00000000ff200000, 0x00000000ff200000| Untracked 
|  51|0x00000000ff300000, 0x00000000ff300000, 0x00000000ff400000|  0%| F|  |TAMS 0x00000000ff300000, 0x00000000ff300000| Untracked 
|  52|0x00000000ff400000, 0x00000000ff400000, 0x00000000ff500000|  0%| F|  |TAMS 0x00000000ff400000, 0x00000000ff400000| Untracked 
|  53|0x00000000ff500000, 0x00000000ff500000, 0x00000000ff600000|  0%| F|  |TAMS 0x00000000ff500000, 0x00000000ff500000| Untracked 
|  54|0x00000000ff600000, 0x00000000ff600000, 0x00000000ff700000|  0%| F|  |TAMS 0x00000000ff600000, 0x00000000ff600000| Untracked 
|  55|0x00000000ff700000, 0x00000000ff700000, 0x00000000ff800000|  0%| F|  |TAMS 0x00000000ff700000, 0x00000000ff700000| Untracked 
|  56|0x00000000ff800000, 0x00000000ff800000, 0x00000000ff900000|  0%| F|  |TAMS 0x00000000ff800000, 0x00000000ff800000| Untracked 
|  57|0x00000000ff900000, 0x00000000ff97b718, 0x00000000ffa00000| 48%| E|  |TAMS 0x00000000ff900000, 0x00000000ff900000| Complete 
|  58|0x00000000ffa00000, 0x00000000ffb00000, 0x00000000ffb00000|100%| E|CS|TAMS 0x00000000ffa00000, 0x00000000ffa00000| Complete 
|  59|0x00000000ffb00000, 0x00000000ffc00000, 0x00000000ffc00000|100%| E|CS|TAMS 0x00000000ffb00000, 0x00000000ffb00000| Complete 
|  60|0x00000000ffc00000, 0x00000000ffd00000, 0x00000000ffd00000|100%| E|CS|TAMS 0x00000000ffc00000, 0x00000000ffc00000| Complete 
|  61|0x00000000ffd00000, 0x00000000ffe00000, 0x00000000ffe00000|100%| E|CS|TAMS 0x00000000ffd00000, 0x00000000ffd00000| Complete 
|  62|0x00000000ffe00000, 0x00000000fff00000, 0x00000000fff00000|100%| E|CS|TAMS 0x00000000ffe00000, 0x00000000ffe00000| Complete 
|  63|0x00000000fff00000, 0x0000000100000000, 0x0000000100000000|100%| E|CS|TAMS 0x00000000fff00000, 0x00000000fff00000| Complete 

Card table byte_map: [0x0000021df4cb0000,0x0000021df4cd0000] _byte_map_base: 0x0000021df44d0000

Marking Bits (Prev, Next): (CMBitMap*) 0x0000021df4d89418, (CMBitMap*) 0x0000021df4d89450
 Prev Bits: [0x0000021dfdd30000, 0x0000021dfde30000)
 Next Bits: [0x0000021dfde30000, 0x0000021dfdf30000)

Polling page: 0x0000021df4c60000

Metaspace:

Usage:
  Non-class:      6.39 MB capacity,     6.31 MB ( 99%) used,    73.02 KB (  1%) free+waste,     5.06 KB ( <1%) overhead. 
      Class:    682.00 KB capacity,   635.80 KB ( 93%) used,    43.77 KB (  6%) free+waste,     2.44 KB ( <1%) overhead. 
       Both:      7.06 MB capacity,     6.93 MB ( 98%) used,   116.79 KB (  2%) free+waste,     7.50 KB ( <1%) overhead. 

Virtual space:
  Non-class space:        8.00 MB reserved,       6.50 MB ( 81%) committed 
      Class space:        1.00 GB reserved,     768.00 KB ( <1%) committed 
             Both:        1.01 GB reserved,       7.25 MB ( <1%) committed 

Chunk freelists:
   Non-Class:  6.13 KB
       Class:  0 bytes
        Both:  6.13 KB

CodeHeap 'non-profiled nmethods': size=120000Kb used=102Kb max_used=102Kb free=119897Kb
 bounds [0x0000021d87ad0000, 0x0000021d87d40000, 0x0000021d8f000000]
CodeHeap 'profiled nmethods': size=120000Kb used=534Kb max_used=534Kb free=119465Kb
 bounds [0x0000021d805a0000, 0x0000021d80810000, 0x0000021d87ad0000]
CodeHeap 'non-nmethods': size=5760Kb used=1063Kb max_used=1075Kb free=4696Kb
 bounds [0x0000021d80000000, 0x0000021d80270000, 0x0000021d805a0000]
 total_blobs=816 nmethods=357 adapters=266
 compilation: enabled
              stopped_count=0, restarted_count=0
 full_count=0

Compilation events (10 events):
Event: 5.946 Thread 0x0000021d904c0800  354       3       java.lang.ThreadLocal::get (38 bytes)
Event: 5.946 Thread 0x0000021d904c0800 nmethod 354 0x0000021d80623d90 code [0x0000021d80623f80, 0x0000021d806242b0]
Event: 5.946 Thread 0x0000021d904c0800  355       3       java.lang.ThreadLocal$ThreadLocalMap::getEntry (42 bytes)
Event: 5.947 Thread 0x0000021d904c0800 nmethod 355 0x0000021d80624410 code [0x0000021d806245e0, 0x0000021d806248f0]
Event: 5.948 Thread 0x0000021d904c0800  356  s    3       java.util.Properties::put (10 bytes)
Event: 5.948 Thread 0x0000021d904c0800 nmethod 356 0x0000021d80624a10 code [0x0000021d80624be0, 0x0000021d80624f70]
Event: 5.948 Thread 0x0000021d904c0800  357       3       java.util.Objects::checkIndex (7 bytes)
Event: 5.949 Thread 0x0000021d904c0800 nmethod 357 0x0000021d80625090 code [0x0000021d806252a0, 0x0000021d80625950]
Event: 5.949 Thread 0x0000021d904c0800  360       3       java.util.regex.Pattern::escape (1323 bytes)
Event: 5.952 Thread 0x0000021d9048c000  361       4       java.util.regex.Pattern::append (39 bytes)

GC Heap History (0 events):
No events

Deoptimization events (1 events):
Event: 1.061 Thread 0x0000021df4d69000 Uncommon trap: reason=unstable_if action=reinterpret pc=0x0000021d87ad4eec method=java.lang.String.hashCode()I @ 14 c2

Classes redefined (0 events):
No events

Internal exceptions (3 events):
Event: 4.420 Thread 0x0000021df4d69000 Exception <a 'java/lang/NoSuchMethodError'{0x00000000ffb11eb8}: java.lang.invoke.DirectMethodHandle$Holder.invokeStaticInit(Ljava/lang/Object;Ljava/lang/Object;)I> (0x00000000ffb11eb8) thrown at [t:/workspace/open/src/hotspot/share/interpreter/linkResolve
Event: 5.828 Thread 0x0000021df4d69000 Exception <a 'java/lang/NoSuchMethodError'{0x00000000ffbe5b98}: java.lang.invoke.DirectMethodHandle$Holder.invokeSpecial(Ljava/lang/Object;Ljava/lang/Object;Ljava/lang/Object;Ljava/lang/Object;)I> (0x00000000ffbe5b98) thrown at [t:/workspace/open/src/hots
Event: 5.892 Thread 0x0000021df4d69000 Exception <a 'java/lang/NoSuchMethodError'{0x00000000ffa1e710}: java.lang.invoke.DirectMethodHandle$Holder.invokeSpecialIFC(Ljava/lang/Object;Ljava/lang/Object;I)I> (0x00000000ffa1e710) thrown at [t:/workspace/open/src/hotspot/share/interpreter/linkResolv

Events (10 events):
Event: 5.840 loading class java/lang/invoke/DirectMethodHandle$Constructor
Event: 5.845 loading class java/lang/invoke/DirectMethodHandle$Constructor done
Event: 5.847 loading class org/gradle/util/internal/GUtil
Event: 5.847 loading class org/gradle/util/internal/GUtil done
Event: 5.849 loading class org/gradle/internal/InternalTransformer
Event: 5.849 loading class org/gradle/internal/InternalTransformer done
Event: 5.906 loading class org/gradle/internal/IoActions
Event: 5.906 loading class org/gradle/internal/IoActions done
Event: 5.907 loading class org/gradle/api/Action
Event: 5.907 loading class org/gradle/api/Action done


Dynamic libraries:
0x00007ff7ef1b0000 - 0x00007ff7ef1f5000 	C:\Users\USER\AppData\Local\jdk-11.0.2\bin\java.exe
0x00007ffcc8d10000 - 0x00007ffcc8f08000 	C:\Windows\SYSTEM32\ntdll.dll
0x00007ffcc7960000 - 0x00007ffcc7a1d000 	C:\Windows\System32\KERNEL32.DLL
0x00007ffcc6520000 - 0x00007ffcc6816000 	C:\Windows\System32\KERNELBASE.dll
0x00007ffcc81f0000 - 0x00007ffcc838e000 	C:\Windows\System32\USER32.dll
0x00007ffcc6b50000 - 0x00007ffcc6b72000 	C:\Windows\System32\win32u.dll
0x00007ffcc7a30000 - 0x00007ffcc7a5c000 	C:\Windows\System32\GDI32.dll
0x00007ffcc68d0000 - 0x00007ffcc69ea000 	C:\Windows\System32\gdi32full.dll
0x00007ffcc63f0000 - 0x00007ffcc648d000 	C:\Windows\System32\msvcp_win.dll
0x00007ffcc6bb0000 - 0x00007ffcc6cb0000 	C:\Windows\System32\ucrtbase.dll
0x00007ffcbd0e0000 - 0x00007ffcbd37a000 	C:\Windows\WinSxS\amd64_microsoft.windows.common-controls_6595b64144ccf1df_6.0.19041.3636_none_60b6a03d71f818d5\COMCTL32.dll
0x00007ffcc6db0000 - 0x00007ffcc6e4e000 	C:\Windows\System32\msvcrt.dll
0x00007ffcc6d70000 - 0x00007ffcc6da0000 	C:\Windows\System32\IMM32.DLL
0x00007ffcb1a80000 - 0x00007ffcb1a96000 	C:\Users\USER\AppData\Local\jdk-11.0.2\bin\vcruntime140.dll
0x00007ffc82970000 - 0x00007ffc82a1a000 	C:\Users\USER\AppData\Local\jdk-11.0.2\bin\msvcp140.dll
0x00007ffc81e40000 - 0x00007ffc82963000 	C:\Users\USER\AppData\Local\jdk-11.0.2\bin\server\jvm.dll
0x00007ffcc84c0000 - 0x00007ffcc856f000 	C:\Windows\System32\ADVAPI32.dll
0x00007ffcc7030000 - 0x00007ffcc70cc000 	C:\Windows\System32\sechost.dll
0x00007ffcc6f00000 - 0x00007ffcc7026000 	C:\Windows\System32\RPCRT4.dll
0x00007ffcc7a20000 - 0x00007ffcc7a28000 	C:\Windows\System32\PSAPI.DLL
0x00007ffc63150000 - 0x00007ffc63159000 	C:\Windows\SYSTEM32\WSOCK32.dll
0x00007ffcc8180000 - 0x00007ffcc81eb000 	C:\Windows\System32\WS2_32.dll
0x00007ffcbc300000 - 0x00007ffcbc327000 	C:\Windows\SYSTEM32\WINMM.dll
0x00007ffcbcca0000 - 0x00007ffcbccaa000 	C:\Windows\SYSTEM32\VERSION.dll
0x00007ffcc4290000 - 0x00007ffcc42a2000 	C:\Windows\SYSTEM32\kernel.appcore.dll
0x00007ffca3160000 - 0x00007ffca3171000 	C:\Users\USER\AppData\Local\jdk-11.0.2\bin\verify.dll
0x00007ffcbe530000 - 0x00007ffcbe714000 	C:\Windows\SYSTEM32\DBGHELP.DLL
0x00007ffcbc390000 - 0x00007ffcbc3c4000 	C:\Windows\SYSTEM32\dbgcore.DLL
0x00007ffcc6490000 - 0x00007ffcc6512000 	C:\Windows\System32\bcryptPrimitives.dll
0x00007ffc9f620000 - 0x00007ffc9f648000 	C:\Users\USER\AppData\Local\jdk-11.0.2\bin\java.dll
0x00007ffca2c10000 - 0x00007ffca2c26000 	C:\Users\USER\AppData\Local\jdk-11.0.2\bin\zip.dll
0x00007ffcb23c0000 - 0x00007ffcb23ca000 	C:\Users\USER\AppData\Local\jdk-11.0.2\bin\jimage.dll
0x00007ffcc7160000 - 0x00007ffcc78a4000 	C:\Windows\System32\SHELL32.dll
0x00007ffcc44b0000 - 0x00007ffcc4c4b000 	C:\Windows\SYSTEM32\windows.storage.dll
0x00007ffcc7b40000 - 0x00007ffcc7e94000 	C:\Windows\System32\combase.dll
0x00007ffcc5e30000 - 0x00007ffcc5e5d000 	C:\Windows\SYSTEM32\Wldp.dll
0x00007ffcc78b0000 - 0x00007ffcc795d000 	C:\Windows\System32\SHCORE.dll
0x00007ffcc8570000 - 0x00007ffcc85c5000 	C:\Windows\System32\shlwapi.dll
0x00007ffcc6320000 - 0x00007ffcc6345000 	C:\Windows\SYSTEM32\profapi.dll
0x00007ffca25e0000 - 0x00007ffca25f9000 	C:\Users\USER\AppData\Local\jdk-11.0.2\bin\net.dll
0x00007ffcc1850000 - 0x00007ffcc195a000 	C:\Windows\SYSTEM32\WINHTTP.dll
0x00007ffcb69c0000 - 0x00007ffcb6bad000 	C:\Windows\SYSTEM32\urlmon.dll
0x00007ffcb6cf0000 - 0x00007ffcb6fac000 	C:\Windows\SYSTEM32\iertutil.dll
0x00007ffcbb980000 - 0x00007ffcbb9a8000 	C:\Windows\SYSTEM32\srvcli.dll
0x00007ffcc5920000 - 0x00007ffcc592c000 	C:\Windows\SYSTEM32\netutils.dll
0x00007ffcc5b40000 - 0x00007ffcc5baa000 	C:\Windows\system32\mswsock.dll
0x00007ffca0130000 - 0x00007ffca0143000 	C:\Users\USER\AppData\Local\jdk-11.0.2\bin\nio.dll

dbghelp: loaded successfully - version: 4.0.5 - missing functions: none
symbol engine: initialized successfully - sym options: 0x614 - pdb path: .;C:\Users\USER\AppData\Local\jdk-11.0.2\bin;C:\Windows\SYSTEM32;C:\Windows\WinSxS\amd64_microsoft.windows.common-controls_6595b64144ccf1df_6.0.19041.3636_none_60b6a03d71f818d5;C:\Users\USER\AppData\Local\jdk-11.0.2\bin\server

VM Arguments:
jvm_args: -Xmx64m -Xms64m -Dorg.gradle.appname=gradlew 
java_command: org.gradle.wrapper.GradleWrapperMain app:installDebug -PreactNativeDevServerPort=8081
java_class_path (initial): C:\Users\USER\ImUber\android\\gradle\wrapper\gradle-wrapper.jar
Launcher Type: SUN_STANDARD

[Global flags]
     intx CICompilerCount                          = 4                                         {product} {ergonomic}
     uint ConcGCThreads                            = 3                                         {product} {ergonomic}
     uint G1ConcRefinementThreads                  = 10                                        {product} {ergonomic}
   size_t G1HeapRegionSize                         = 1048576                                   {product} {ergonomic}
    uintx GCDrainStackTargetSize                   = 64                                        {product} {ergonomic}
   size_t InitialHeapSize                          = 67108864                                  {product} {command line}
   size_t MarkStackSize                            = 4194304                                   {product} {ergonomic}
   size_t MaxHeapSize                              = 67108864                                  {product} {command line}
   size_t MaxNewSize                               = 39845888                                  {product} {ergonomic}
   size_t MinHeapDeltaBytes                        = 1048576                                   {product} {ergonomic}
    uintx NonNMethodCodeHeapSize                   = 5835340                                {pd product} {ergonomic}
    uintx NonProfiledCodeHeapSize                  = 122911450                              {pd product} {ergonomic}
    uintx ProfiledCodeHeapSize                     = 122911450                              {pd product} {ergonomic}
    uintx ReservedCodeCacheSize                    = 251658240                              {pd product} {ergonomic}
     bool SegmentedCodeCache                       = true                                      {product} {ergonomic}
     bool UseCompressedClassPointers               = true                                 {lp64_product} {ergonomic}
     bool UseCompressedOops                        = true                                 {lp64_product} {ergonomic}
     bool UseG1GC                                  = true                                      {product} {ergonomic}
     bool UseLargePagesIndividualAllocation        = false                                  {pd product} {ergonomic}

Logging:
Log output configuration:
 #0: stdout all=warning uptime,level,tags
 #1: stderr all=off uptime,level,tags

Environment Variables:
JAVA_HOME=C:\Users\USER\AppData\Local\jdk-11.0.2
CLASSPATH=C:\Users\USER\ImUber\android\\gradle\wrapper\gradle-wrapper.jar
PATH=C:\Users\USER\ImUber\node_modules\.bin;C:\Users\USER\node_modules\.bin;C:\Users\node_modules\.bin;C:\node_modules\.bin;C:\Users\USER\AppData\Roaming\npm\node_modules\npm\node_modules\@npmcli\run-script\lib\node-gyp-bin;C:\Users\USER\AppData\Local\Temp\yarn--1700836214522-0.14679306165393835;C:\Users\USER\ImUber\node_modules\.bin;C:\Users\USER\AppData\Local\Yarn\Data\link\node_modules\.bin;C:\Users\USER\AppData\Local\Yarn\bin;C:\Program Files\libexec\lib\node_modules\npm\bin\node-gyp-bin;C:\Program Files\lib\node_modules\npm\bin\node-gyp-bin;C:\Program Files\nodejs\node_modules\npm\bin\node-gyp-bin;C:\Windows\system32;C:\Windows;C:\Windows\System32\Wbem;C:\Windows\System32\WindowsPowerShell\v1.0\;C:\Windows\System32\OpenSSH\;C:\Program Files (x86)\dotnet\;C:\Program Files\Git\cmd;C:\Program Files\dotnet\;C:\Program Files (x86)\Pulse Secure\VC142.CRT\X64\;C:\Program Files (x86)\Pulse Secure\VC142.CRT\X86\;C:\Program Files (x86)\Common Files\Pulse Secure\TNC Client Plugin\;C:\Users\USER\anaconda3\Scripts;C:\Users\USER\anaconda3;C:\Users\USER\anaconda3\Library\bin;C:\Program Files\PuTTY\;C:\Program Files\Azure Data Studio\bin;C:\Program Files (x86)\Microsoft SQL Server\160\DTS\Binn\;C:\Program Files (x86)\Microsoft SQL Server\160\Tools\Binn\;C:\Program Files\Microsoft SQL Server\160\Tools\Binn\;C:\Program Files\Microsoft SQL Server\Client SDK\ODBC\170\Tools\Binn\;C:\Program Files\Microsoft SQL Server\160\DTS\Binn\;C:\Program Files\swift\runtime-development\usr\bin;C:\Library\Developer\Toolchains\unknown-Asserts-development.xctoolchain\usr\bin;C:\Program Files\nodejs\;C:\Users\USER\AppData\Local\Android\Sdk\tools;C:\Users\USER\AppData\Local\jdk-11.0.2\bin;C:\Users\USER\AppData\Local\Microsoft\WindowsApps;C:\Users\USER\AppData\Local\Programs\Microsoft VS Code\bin;C:\Users\USER\AppData\Local\GitHubDesktop\bin;C:\Users\USER\anaconda3\Scripts;C:\Users\USER\anaconda3\Library\bin;C:\Users\USER\anaconda3;C:\Program Files\Azure Data Studio\bin;C:\Users\USER\.dotnet\tools;C:\Us
USERNAME=USER
OS=Windows_NT
PROCESSOR_IDENTIFIER=AMD64 Family 23 Model 104 Stepping 1, AuthenticAMD



---------------  S Y S T E M  ---------------

OS: Windows 10 , 64 bit Build 19041 (10.0.19041.3636)

CPU:total 12 (initial active 12) (12 cores per cpu, 2 threads per core) family 23 model 104 stepping 1, cmov, cx8, fxsr, mmx, sse, sse2, sse3, ssse3, sse4.1, sse4.2, popcnt, avx, avx2, aes, clmul, mmxext, 3dnowpref, lzcnt, sse4a, ht, tsc, tscinvbit, tscinv, bmi1, bmi2, adx, sha, fma

Memory: 4k page, system-wide physical 15720M (295M free)
TotalPageFile size 28699M (AvailPageFile size 262M)
current process WorkingSet (physical memory assigned to process): 40M, peak: 40M
current process commit charge ("private bytes"): 146M, peak: 146M

vm_info: OpenJDK 64-Bit Server VM (11.0.2+9) for windows-amd64 JRE (11.0.2+9), built on Jan 18 2019 05:23:22 by "mach5one" with MS VC++ 15.5 (VS2017)

END.
