#
# There is insufficient memory for the Java Runtime Environment to continue.
# Native memory allocation (malloc) failed to allocate 1048576 bytes for AllocateHeap
# Possible reasons:
#   The system is out of physical RAM or swap space
#   The process is running with CompressedOops enabled, and the Java Heap may be blocking the growth of the native heap
# Possible solutions:
#   Reduce memory load on the system
#   Increase physical memory or swap space
#   Check if swap backing store is full
#   Decrease Java heap size (-Xmx/-Xms)
#   Decrease number of Java threads
#   Decrease Java thread stack sizes (-Xss)
#   Set larger code cache with -XX:ReservedCodeCacheSize=
# This output file may be truncated or incomplete.
#
#  Out of Memory Error (t:/workspace/open/src/hotspot/share/memory/allocation.cpp:46), pid=31560, tid=31624
#
# JRE version:  (11.0.2+9) (build )
# Java VM: OpenJDK 64-Bit Server VM (11.0.2+9, mixed mode, aot, sharing, tiered, compressed oops, g1 gc, windows-amd64)
# No core dump will be written. Minidumps are not enabled by default on client versions of Windows
#

---------------  S U M M A R Y ------------

Command Line: -Xmx64m -Xms64m -Dorg.gradle.appname=gradlew org.gradle.wrapper.GradleWrapperMain app:installDebug -PreactNativeDevServerPort=8081

Host: AMD Ryzen 5 5500U with Radeon Graphics         , 12 cores, 15G,  Windows 10 , 64 bit Build 19041 (10.0.19041.3636)
Time: Fri Nov 24 22:31:22 2023 台北標準時間 elapsed time: 1 seconds (0d 0h 0m 1s)

---------------  T H R E A D  ---------------

Current thread (0x000001e63baca000):  JavaThread "Unknown thread" [_thread_in_vm, id=31624, stack(0x00000053d1900000,0x00000053d1a00000)]

Stack: [0x00000053d1900000,0x00000053d1a00000]
Native frames: (J=compiled Java code, j=interpreted, Vv=VM code, C=native code)
V  [jvm.dll+0x63489a]
V  [jvm.dll+0x771f9f]
V  [jvm.dll+0x773648]
V  [jvm.dll+0x773d03]
V  [jvm.dll+0x25eba8]
V  [jvm.dll+0xb9bf4]
V  [jvm.dll+0x2f7c7d]
V  [jvm.dll+0x2f2119]
V  [jvm.dll+0x74b4f7]
V  [jvm.dll+0x74cc3f]
V  [jvm.dll+0x372609]
V  [jvm.dll+0x731b69]
V  [jvm.dll+0x3e1bad]
V  [jvm.dll+0x3e3e81]
C  [java.exe+0x3607]
C  [java.exe+0x1746c]
C  [KERNEL32.DLL+0x17344]
C  [ntdll.dll+0x526b1]


---------------  P R O C E S S  ---------------

Threads class SMR info:
_java_thread_list=0x000001e63a0b2540, length=0, elements={
}

Java Threads: ( => current thread )

Other Threads:
  0x000001e63bae3000 GCTaskThread "GC Thread#0" [stack: 0x00000053d1b00000,0x00000053d1c00000] [id=28380]

[error occurred during error reporting (printing all threads), id 0xc0000005, EXCEPTION_ACCESS_VIOLATION (0xc0000005) at pc=0x00007ffc8213c7c0]

VM state:not at safepoint (not fully initialized)

VM Mutex/Monitor currently owned by a thread:  ([mutex/lock_event])
[0x000001e63bac62b0] Heap_lock - owner thread: 0x000001e63baca000

Heap address: 0x00000000fc000000, size: 64 MB, Compressed Oops mode: Non-zero based: 0x00000000fc000000
Narrow klass base: 0x0000000000000000, Narrow klass shift: 0

GC Heap History (0 events):
No events

Deoptimization events (0 events):
No events

Classes redefined (0 events):
No events

Internal exceptions (0 events):
No events

Events (0 events):
No events


Dynamic libraries:
0x00007ff7ef1b0000 - 0x00007ff7ef1f5000 	C:\Users\USER\AppData\Local\jdk-11.0.2\bin\java.exe
0x00007ffcc8d10000 - 0x00007ffcc8f08000 	C:\Windows\SYSTEM32\ntdll.dll
0x00007ffcc7960000 - 0x00007ffcc7a1d000 	C:\Windows\System32\KERNEL32.DLL
0x00007ffcc6520000 - 0x00007ffcc6816000 	C:\Windows\System32\KERNELBASE.dll
0x00007ffcc81f0000 - 0x00007ffcc838e000 	C:\Windows\System32\USER32.dll
0x00007ffcc6b50000 - 0x00007ffcc6b72000 	C:\Windows\System32\win32u.dll
0x00007ffcc7a30000 - 0x00007ffcc7a5c000 	C:\Windows\System32\GDI32.dll
0x00007ffcc68d0000 - 0x00007ffcc69ea000 	C:\Windows\System32\gdi32full.dll
0x00007ffcc63f0000 - 0x00007ffcc648d000 	C:\Windows\System32\msvcp_win.dll
0x00007ffcc6bb0000 - 0x00007ffcc6cb0000 	C:\Windows\System32\ucrtbase.dll
0x00007ffcbd0e0000 - 0x00007ffcbd37a000 	C:\Windows\WinSxS\amd64_microsoft.windows.common-controls_6595b64144ccf1df_6.0.19041.3636_none_60b6a03d71f818d5\COMCTL32.dll
0x00007ffcc6db0000 - 0x00007ffcc6e4e000 	C:\Windows\System32\msvcrt.dll
0x00007ffcc6d70000 - 0x00007ffcc6da0000 	C:\Windows\System32\IMM32.DLL
0x00007ffcb1a80000 - 0x00007ffcb1a96000 	C:\Users\USER\AppData\Local\jdk-11.0.2\bin\vcruntime140.dll
0x00007ffc82970000 - 0x00007ffc82a1a000 	C:\Users\USER\AppData\Local\jdk-11.0.2\bin\msvcp140.dll
0x00007ffc81e40000 - 0x00007ffc82963000 	C:\Users\USER\AppData\Local\jdk-11.0.2\bin\server\jvm.dll
0x00007ffcc84c0000 - 0x00007ffcc856f000 	C:\Windows\System32\ADVAPI32.dll
0x00007ffcc7030000 - 0x00007ffcc70cc000 	C:\Windows\System32\sechost.dll
0x00007ffcc6f00000 - 0x00007ffcc7026000 	C:\Windows\System32\RPCRT4.dll
0x00007ffcc7a20000 - 0x00007ffcc7a28000 	C:\Windows\System32\PSAPI.DLL
0x00007ffc63150000 - 0x00007ffc63159000 	C:\Windows\SYSTEM32\WSOCK32.dll
0x00007ffcc8180000 - 0x00007ffcc81eb000 	C:\Windows\System32\WS2_32.dll
0x00007ffcbc300000 - 0x00007ffcbc327000 	C:\Windows\SYSTEM32\WINMM.dll
0x00007ffcbcca0000 - 0x00007ffcbccaa000 	C:\Windows\SYSTEM32\VERSION.dll
0x00007ffcc4290000 - 0x00007ffcc42a2000 	C:\Windows\SYSTEM32\kernel.appcore.dll
0x00007ffca3160000 - 0x00007ffca3171000 	C:\Users\USER\AppData\Local\jdk-11.0.2\bin\verify.dll
0x00007ffcbe530000 - 0x00007ffcbe714000 	C:\Windows\SYSTEM32\DBGHELP.DLL
0x00007ffcbc390000 - 0x00007ffcbc3c4000 	C:\Windows\SYSTEM32\dbgcore.DLL
0x00007ffcc6490000 - 0x00007ffcc6512000 	C:\Windows\System32\bcryptPrimitives.dll
0x00007ffc9f620000 - 0x00007ffc9f648000 	C:\Users\USER\AppData\Local\jdk-11.0.2\bin\java.dll
0x00007ffca2c10000 - 0x00007ffca2c26000 	C:\Users\USER\AppData\Local\jdk-11.0.2\bin\zip.dll
0x00007ffcb23c0000 - 0x00007ffcb23ca000 	C:\Users\USER\AppData\Local\jdk-11.0.2\bin\jimage.dll

dbghelp: loaded successfully - version: 4.0.5 - missing functions: none
symbol engine: initialized successfully - sym options: 0x614 - pdb path: .;C:\Users\USER\AppData\Local\jdk-11.0.2\bin;C:\Windows\SYSTEM32;C:\Windows\WinSxS\amd64_microsoft.windows.common-controls_6595b64144ccf1df_6.0.19041.3636_none_60b6a03d71f818d5;C:\Users\USER\AppData\Local\jdk-11.0.2\bin\server

VM Arguments:
jvm_args: -Xmx64m -Xms64m -Dorg.gradle.appname=gradlew 
java_command: org.gradle.wrapper.GradleWrapperMain app:installDebug -PreactNativeDevServerPort=8081
java_class_path (initial): C:\Users\USER\ImUber\android\\gradle\wrapper\gradle-wrapper.jar
Launcher Type: SUN_STANDARD

[Global flags]
     intx CICompilerCount                          = 4                                         {product} {ergonomic}
     uint ConcGCThreads                            = 3                                         {product} {ergonomic}
     uint G1ConcRefinementThreads                  = 10                                        {product} {ergonomic}
   size_t G1HeapRegionSize                         = 1048576                                   {product} {ergonomic}
    uintx GCDrainStackTargetSize                   = 64                                        {product} {ergonomic}
   size_t InitialHeapSize                          = 67108864                                  {product} {command line}
   size_t MarkStackSize                            = 4194304                                   {product} {ergonomic}
   size_t MaxHeapSize                              = 67108864                                  {product} {command line}
   size_t MinHeapDeltaBytes                        = 1048576                                   {product} {ergonomic}
    uintx NonNMethodCodeHeapSize                   = 5835340                                {pd product} {ergonomic}
    uintx NonProfiledCodeHeapSize                  = 122911450                              {pd product} {ergonomic}
    uintx ProfiledCodeHeapSize                     = 122911450                              {pd product} {ergonomic}
    uintx ReservedCodeCacheSize                    = 251658240                              {pd product} {ergonomic}
     bool SegmentedCodeCache                       = true                                      {product} {ergonomic}
     bool UseCompressedClassPointers               = true                                 {lp64_product} {ergonomic}
     bool UseCompressedOops                        = true                                 {lp64_product} {ergonomic}
     bool UseG1GC                                  = true                                      {product} {ergonomic}
     bool UseLargePagesIndividualAllocation        = false                                  {pd product} {ergonomic}

Logging:
Log output configuration:
 #0: stdout all=warning uptime,level,tags
 #1: stderr all=off uptime,level,tags

Environment Variables:
JAVA_HOME=C:\Users\USER\AppData\Local\jdk-11.0.2
CLASSPATH=C:\Users\USER\ImUber\android\\gradle\wrapper\gradle-wrapper.jar
PATH=C:\Users\USER\ImUber\node_modules\.bin;C:\Users\USER\node_modules\.bin;C:\Users\node_modules\.bin;C:\node_modules\.bin;C:\Users\USER\AppData\Roaming\npm\node_modules\npm\node_modules\@npmcli\run-script\lib\node-gyp-bin;C:\Users\USER\AppData\Local\Temp\yarn--1700836214522-0.14679306165393835;C:\Users\USER\ImUber\node_modules\.bin;C:\Users\USER\AppData\Local\Yarn\Data\link\node_modules\.bin;C:\Users\USER\AppData\Local\Yarn\bin;C:\Program Files\libexec\lib\node_modules\npm\bin\node-gyp-bin;C:\Program Files\lib\node_modules\npm\bin\node-gyp-bin;C:\Program Files\nodejs\node_modules\npm\bin\node-gyp-bin;C:\Windows\system32;C:\Windows;C:\Windows\System32\Wbem;C:\Windows\System32\WindowsPowerShell\v1.0\;C:\Windows\System32\OpenSSH\;C:\Program Files (x86)\dotnet\;C:\Program Files\Git\cmd;C:\Program Files\dotnet\;C:\Program Files (x86)\Pulse Secure\VC142.CRT\X64\;C:\Program Files (x86)\Pulse Secure\VC142.CRT\X86\;C:\Program Files (x86)\Common Files\Pulse Secure\TNC Client Plugin\;C:\Users\USER\anaconda3\Scripts;C:\Users\USER\anaconda3;C:\Users\USER\anaconda3\Library\bin;C:\Program Files\PuTTY\;C:\Program Files\Azure Data Studio\bin;C:\Program Files (x86)\Microsoft SQL Server\160\DTS\Binn\;C:\Program Files (x86)\Microsoft SQL Server\160\Tools\Binn\;C:\Program Files\Microsoft SQL Server\160\Tools\Binn\;C:\Program Files\Microsoft SQL Server\Client SDK\ODBC\170\Tools\Binn\;C:\Program Files\Microsoft SQL Server\160\DTS\Binn\;C:\Program Files\swift\runtime-development\usr\bin;C:\Library\Developer\Toolchains\unknown-Asserts-development.xctoolchain\usr\bin;C:\Program Files\nodejs\;C:\Users\USER\AppData\Local\Android\Sdk\tools;C:\Users\USER\AppData\Local\jdk-11.0.2\bin;C:\Users\USER\AppData\Local\Microsoft\WindowsApps;C:\Users\USER\AppData\Local\Programs\Microsoft VS Code\bin;C:\Users\USER\AppData\Local\GitHubDesktop\bin;C:\Users\USER\anaconda3\Scripts;C:\Users\USER\anaconda3\Library\bin;C:\Users\USER\anaconda3;C:\Program Files\Azure Data Studio\bin;C:\Users\USER\.dotnet\tools;C:\Us
USERNAME=USER
OS=Windows_NT
PROCESSOR_IDENTIFIER=AMD64 Family 23 Model 104 Stepping 1, AuthenticAMD



---------------  S Y S T E M  ---------------

OS: Windows 10 , 64 bit Build 19041 (10.0.19041.3636)

CPU:total 12 (initial active 12) (12 cores per cpu, 2 threads per core) family 23 model 104 stepping 1, cmov, cx8, fxsr, mmx, sse, sse2, sse3, ssse3, sse4.1, sse4.2, popcnt, avx, avx2, aes, clmul, mmxext, 3dnowpref, lzcnt, sse4a, ht, tsc, tscinvbit, tscinv, bmi1, bmi2, adx, sha, fma

Memory: 4k page, system-wide physical 15720M (296M free)
TotalPageFile size 28699M (AvailPageFile size 268M)
current process WorkingSet (physical memory assigned to process): 9M, peak: 9M
current process commit charge ("private bytes"): 54M, peak: 55M

vm_info: OpenJDK 64-Bit Server VM (11.0.2+9) for windows-amd64 JRE (11.0.2+9), built on Jan 18 2019 05:23:22 by "mach5one" with MS VC++ 15.5 (VS2017)

END.
